<?xml version="1.0" encoding="UTF-8"?>
<coverage generated="1689050336987" clover="3.2.0">
  <project timestamp="1689050336987" name="All files">
    <metrics statements="410" coveredstatements="378" conditionals="80" coveredconditionals="70" methods="27" coveredmethods="26" elements="517" coveredelements="474" complexity="0" loc="410" ncloc="410" packages="1" files="1" classes="1"/>
    <file name="main.ts" path="/Users/h2o/frontend/cannonHttpJS/src/main.ts">
      <metrics statements="410" coveredstatements="378" conditionals="80" coveredconditionals="70" methods="27" coveredmethods="26"/>
      <line num="1" count="1" type="stmt"/>
      <line num="2" count="1" type="stmt"/>
      <line num="3" count="1" type="cond" truecount="1" falsecount="0"/>
      <line num="4" count="1" type="stmt"/>
      <line num="5" count="1" type="cond" truecount="1" falsecount="0"/>
      <line num="6" count="18" type="cond" truecount="1" falsecount="0"/>
      <line num="7" count="18" type="stmt"/>
      <line num="8" count="18" type="stmt"/>
      <line num="9" count="1" type="stmt"/>
      <line num="10" count="1" type="stmt"/>
      <line num="11" count="1" type="stmt"/>
      <line num="12" count="1" type="stmt"/>
      <line num="13" count="1" type="stmt"/>
      <line num="14" count="1" type="stmt"/>
      <line num="15" count="1" type="stmt"/>
      <line num="16" count="1" type="stmt"/>
      <line num="17" count="1" type="stmt"/>
      <line num="18" count="1" type="stmt"/>
      <line num="19" count="1" type="stmt"/>
      <line num="20" count="1" type="stmt"/>
      <line num="21" count="1" type="stmt"/>
      <line num="22" count="1" type="stmt"/>
      <line num="23" count="1" type="stmt"/>
      <line num="24" count="1" type="stmt"/>
      <line num="25" count="1" type="stmt"/>
      <line num="26" count="1" type="stmt"/>
      <line num="27" count="1" type="stmt"/>
      <line num="28" count="1" type="stmt"/>
      <line num="29" count="1" type="stmt"/>
      <line num="30" count="1" type="stmt"/>
      <line num="31" count="1" type="stmt"/>
      <line num="32" count="1" type="stmt"/>
      <line num="33" count="1" type="stmt"/>
      <line num="34" count="1" type="stmt"/>
      <line num="35" count="1" type="stmt"/>
      <line num="36" count="1" type="stmt"/>
      <line num="37" count="1" type="stmt"/>
      <line num="38" count="1" type="stmt"/>
      <line num="39" count="2" type="cond" truecount="1" falsecount="0"/>
      <line num="40" count="2" type="stmt"/>
      <line num="41" count="2" type="stmt"/>
      <line num="42" count="2" type="stmt"/>
      <line num="43" count="2" type="stmt"/>
      <line num="44" count="2" type="stmt"/>
      <line num="45" count="2" type="stmt"/>
      <line num="46" count="2" type="stmt"/>
      <line num="47" count="2" type="stmt"/>
      <line num="48" count="2" type="stmt"/>
      <line num="49" count="2" type="stmt"/>
      <line num="50" count="2" type="cond" truecount="1" falsecount="0"/>
      <line num="51" count="2" type="stmt"/>
      <line num="52" count="2" type="stmt"/>
      <line num="53" count="2" type="stmt"/>
      <line num="54" count="2" type="stmt"/>
      <line num="55" count="2" type="cond" truecount="1" falsecount="0"/>
      <line num="56" count="5" type="stmt"/>
      <line num="57" count="5" type="stmt"/>
      <line num="58" count="2" type="stmt"/>
      <line num="59" count="2" type="cond" truecount="1" falsecount="0"/>
      <line num="60" count="4" type="stmt"/>
      <line num="61" count="4" type="stmt"/>
      <line num="62" count="2" type="stmt"/>
      <line num="63" count="2" type="cond" truecount="1" falsecount="0"/>
      <line num="64" count="51" type="cond" truecount="2" falsecount="0"/>
      <line num="65" count="5" type="stmt"/>
      <line num="66" count="51" type="stmt"/>
      <line num="67" count="2" type="stmt"/>
      <line num="68" count="2" type="cond" truecount="1" falsecount="0"/>
      <line num="69" count="17" type="stmt"/>
      <line num="70" count="17" type="stmt"/>
      <line num="71" count="2" type="stmt"/>
      <line num="72" count="2" type="cond" truecount="1" falsecount="0"/>
      <line num="73" count="46" type="stmt"/>
      <line num="74" count="46" type="stmt"/>
      <line num="75" count="46" type="stmt"/>
      <line num="76" count="46" type="stmt"/>
      <line num="77" count="2" type="stmt"/>
      <line num="78" count="2" type="cond" truecount="1" falsecount="0"/>
      <line num="79" count="46" type="stmt"/>
      <line num="80" count="46" type="stmt"/>
      <line num="81" count="46" type="stmt"/>
      <line num="82" count="46" type="stmt"/>
      <line num="83" count="2" type="stmt"/>
      <line num="84" count="2" type="cond" truecount="1" falsecount="0"/>
      <line num="85" count="4" type="stmt"/>
      <line num="86" count="4" type="stmt"/>
      <line num="87" count="2" type="stmt"/>
      <line num="88" count="2" type="cond" truecount="1" falsecount="0"/>
      <line num="89" count="2" type="stmt"/>
      <line num="90" count="2" type="stmt"/>
      <line num="91" count="2" type="stmt"/>
      <line num="92" count="2" type="cond" truecount="1" falsecount="0"/>
      <line num="93" count="49" type="cond" truecount="2" falsecount="0"/>
      <line num="94" count="47" type="stmt"/>
      <line num="95" count="49" type="stmt"/>
      <line num="96" count="2" type="stmt"/>
      <line num="97" count="2" type="cond" truecount="1" falsecount="0"/>
      <line num="98" count="7" type="cond" truecount="0" falsecount="1"/>
      <line num="99" count="0" type="stmt"/>
      <line num="100" count="7" type="cond" truecount="0" falsecount="1"/>
      <line num="101" count="0" type="stmt"/>
      <line num="102" count="7" type="stmt"/>
      <line num="103" count="7" type="stmt"/>
      <line num="104" count="7" type="stmt"/>
      <line num="105" count="7" type="stmt"/>
      <line num="106" count="2" type="stmt"/>
      <line num="107" count="2" type="cond" truecount="1" falsecount="0"/>
      <line num="108" count="5" type="stmt"/>
      <line num="109" count="5" type="stmt"/>
      <line num="110" count="2" type="stmt"/>
      <line num="111" count="2" type="stmt"/>
      <line num="112" count="2" type="stmt"/>
      <line num="113" count="2" type="stmt"/>
      <line num="114" count="2" type="stmt"/>
      <line num="115" count="2" type="stmt"/>
      <line num="116" count="2" type="stmt"/>
      <line num="117" count="2" type="stmt"/>
      <line num="118" count="2" type="stmt"/>
      <line num="119" count="2" type="stmt"/>
      <line num="120" count="2" type="stmt"/>
      <line num="121" count="2" type="stmt"/>
      <line num="122" count="0" type="stmt"/>
      <line num="123" count="0" type="stmt"/>
      <line num="124" count="0" type="stmt"/>
      <line num="125" count="0" type="stmt"/>
      <line num="126" count="0" type="stmt"/>
      <line num="127" count="0" type="stmt"/>
      <line num="128" count="0" type="stmt"/>
      <line num="129" count="0" type="stmt"/>
      <line num="130" count="0" type="stmt"/>
      <line num="131" count="0" type="stmt"/>
      <line num="132" count="2" type="stmt"/>
      <line num="133" count="2" type="cond" truecount="1" falsecount="0"/>
      <line num="134" count="47" type="stmt"/>
      <line num="135" count="47" type="stmt"/>
      <line num="136" count="47" type="stmt"/>
      <line num="137" count="47" type="stmt"/>
      <line num="138" count="47" type="cond" truecount="1" falsecount="0"/>
      <line num="139" count="4" type="stmt"/>
      <line num="140" count="4" type="cond" truecount="1" falsecount="0"/>
      <line num="141" count="2" type="stmt"/>
      <line num="142" count="2" type="stmt"/>
      <line num="143" count="2" type="stmt"/>
      <line num="144" count="4" type="cond" truecount="1" falsecount="0"/>
      <line num="145" count="45" type="stmt"/>
      <line num="146" count="45" type="stmt"/>
      <line num="147" count="45" type="stmt"/>
      <line num="148" count="45" type="stmt"/>
      <line num="149" count="45" type="stmt"/>
      <line num="150" count="45" type="stmt"/>
      <line num="151" count="45" type="stmt"/>
      <line num="152" count="45" type="stmt"/>
      <line num="153" count="45" type="stmt"/>
      <line num="154" count="45" type="stmt"/>
      <line num="155" count="45" type="stmt"/>
      <line num="156" count="45" type="stmt"/>
      <line num="157" count="45" type="stmt"/>
      <line num="158" count="45" type="stmt"/>
      <line num="159" count="45" type="stmt"/>
      <line num="160" count="45" type="stmt"/>
      <line num="161" count="45" type="stmt"/>
      <line num="162" count="45" type="stmt"/>
      <line num="163" count="45" type="stmt"/>
      <line num="164" count="45" type="stmt"/>
      <line num="165" count="45" type="stmt"/>
      <line num="166" count="45" type="stmt"/>
      <line num="167" count="45" type="stmt"/>
      <line num="168" count="45" type="stmt"/>
      <line num="169" count="45" type="stmt"/>
      <line num="170" count="45" type="cond" truecount="1" falsecount="0"/>
      <line num="171" count="6" type="stmt"/>
      <line num="172" count="45" type="stmt"/>
      <line num="173" count="45" type="stmt"/>
      <line num="174" count="45" type="stmt"/>
      <line num="175" count="45" type="stmt"/>
      <line num="176" count="45" type="stmt"/>
      <line num="177" count="45" type="stmt"/>
      <line num="178" count="45" type="stmt"/>
      <line num="179" count="45" type="stmt"/>
      <line num="180" count="45" type="stmt"/>
      <line num="181" count="45" type="stmt"/>
      <line num="182" count="45" type="stmt"/>
      <line num="183" count="45" type="stmt"/>
      <line num="184" count="45" type="stmt"/>
      <line num="185" count="45" type="stmt"/>
      <line num="186" count="45" type="stmt"/>
      <line num="187" count="45" type="stmt"/>
      <line num="188" count="45" type="stmt"/>
      <line num="189" count="45" type="stmt"/>
      <line num="190" count="45" type="stmt"/>
      <line num="191" count="45" type="stmt"/>
      <line num="192" count="45" type="stmt"/>
      <line num="193" count="45" type="stmt"/>
      <line num="194" count="45" type="stmt"/>
      <line num="195" count="47" type="cond" truecount="1" falsecount="0"/>
      <line num="196" count="7" type="cond" truecount="1" falsecount="0"/>
      <line num="197" count="1" type="stmt"/>
      <line num="198" count="7" type="cond" truecount="1" falsecount="0"/>
      <line num="199" count="6" type="cond" truecount="1" falsecount="0"/>
      <line num="200" count="1" type="stmt"/>
      <line num="201" count="1" type="stmt"/>
      <line num="202" count="1" type="cond" truecount="1" falsecount="0"/>
      <line num="203" count="2" type="stmt"/>
      <line num="204" count="2" type="stmt"/>
      <line num="205" count="2" type="cond" truecount="0" falsecount="1"/>
      <line num="206" count="0" type="stmt"/>
      <line num="207" count="2" type="cond" truecount="0" falsecount="1"/>
      <line num="208" count="0" type="stmt"/>
      <line num="209" count="0" type="stmt"/>
      <line num="210" count="0" type="stmt"/>
      <line num="211" count="0" type="stmt"/>
      <line num="212" count="2" type="stmt"/>
      <line num="213" count="2" type="stmt"/>
      <line num="214" count="2" type="stmt"/>
      <line num="215" count="2" type="stmt"/>
      <line num="216" count="2" type="stmt"/>
      <line num="217" count="1" type="stmt"/>
      <line num="218" count="1" type="stmt"/>
      <line num="219" count="6" type="stmt"/>
      <line num="220" count="6" type="cond" truecount="1" falsecount="0"/>
      <line num="221" count="5" type="stmt"/>
      <line num="222" count="5" type="stmt"/>
      <line num="223" count="5" type="stmt"/>
      <line num="224" count="5" type="cond" truecount="1" falsecount="0"/>
      <line num="225" count="4" type="stmt"/>
      <line num="226" count="4" type="stmt"/>
      <line num="227" count="5" type="stmt"/>
      <line num="228" count="5" type="cond" truecount="1" falsecount="0"/>
      <line num="229" count="1" type="cond" truecount="0" falsecount="1"/>
      <line num="230" count="1" type="stmt"/>
      <line num="231" count="1" type="stmt"/>
      <line num="232" count="1" type="stmt"/>
      <line num="233" count="1" type="stmt"/>
      <line num="234" count="5" type="stmt"/>
      <line num="235" count="6" type="stmt"/>
      <line num="236" count="7" type="cond" truecount="1" falsecount="0"/>
      <line num="237" count="44" type="stmt"/>
      <line num="238" count="44" type="stmt"/>
      <line num="239" count="44" type="stmt"/>
      <line num="240" count="44" type="stmt"/>
      <line num="241" count="44" type="stmt"/>
      <line num="242" count="44" type="stmt"/>
      <line num="243" count="47" type="cond" truecount="1" falsecount="0"/>
      <line num="244" count="3" type="cond" truecount="1" falsecount="0"/>
      <line num="245" count="3" type="cond" truecount="1" falsecount="0"/>
      <line num="246" count="3" type="stmt"/>
      <line num="247" count="3" type="stmt"/>
      <line num="248" count="3" type="stmt"/>
      <line num="249" count="3" type="stmt"/>
      <line num="250" count="3" type="stmt"/>
      <line num="251" count="3" type="stmt"/>
      <line num="252" count="3" type="stmt"/>
      <line num="253" count="3" type="stmt"/>
      <line num="254" count="3" type="stmt"/>
      <line num="255" count="3" type="stmt"/>
      <line num="256" count="3" type="cond" truecount="0" falsecount="1"/>
      <line num="257" count="47" type="cond" truecount="1" falsecount="0"/>
      <line num="258" count="41" type="cond" truecount="1" falsecount="0"/>
      <line num="259" count="13" type="cond" truecount="2" falsecount="0"/>
      <line num="260" count="13" type="stmt"/>
      <line num="261" count="19" type="cond" truecount="0" falsecount="1"/>
      <line num="262" count="0" type="stmt"/>
      <line num="263" count="0" type="cond" truecount="1" falsecount="0"/>
      <line num="264" count="13" type="stmt"/>
      <line num="265" count="13" type="stmt"/>
      <line num="266" count="13" type="stmt"/>
      <line num="267" count="13" type="stmt"/>
      <line num="268" count="47" type="cond" truecount="3" falsecount="0"/>
      <line num="269" count="1" type="stmt"/>
      <line num="270" count="19" type="cond" truecount="1" falsecount="0"/>
      <line num="271" count="12" type="stmt"/>
      <line num="272" count="12" type="cond" truecount="1" falsecount="0"/>
      <line num="273" count="13" type="stmt"/>
      <line num="274" count="13" type="stmt"/>
      <line num="275" count="13" type="stmt"/>
      <line num="276" count="13" type="stmt"/>
      <line num="277" count="13" type="stmt"/>
      <line num="278" count="13" type="stmt"/>
      <line num="279" count="13" type="stmt"/>
      <line num="280" count="13" type="stmt"/>
      <line num="281" count="13" type="stmt"/>
      <line num="282" count="13" type="stmt"/>
      <line num="283" count="13" type="stmt"/>
      <line num="284" count="19" type="cond" truecount="1" falsecount="0"/>
      <line num="285" count="1" type="stmt"/>
      <line num="286" count="1" type="cond" truecount="1" falsecount="0"/>
      <line num="287" count="13" type="stmt"/>
      <line num="288" count="47" type="cond" truecount="2" falsecount="1"/>
      <line num="289" count="0" type="stmt"/>
      <line num="290" count="0" type="stmt"/>
      <line num="291" count="0" type="stmt"/>
      <line num="292" count="0" type="stmt"/>
      <line num="293" count="0" type="stmt"/>
      <line num="294" count="0" type="stmt"/>
      <line num="295" count="0" type="stmt"/>
      <line num="296" count="0" type="stmt"/>
      <line num="297" count="0" type="stmt"/>
      <line num="298" count="0" type="cond" truecount="1" falsecount="0"/>
      <line num="299" count="13" type="stmt"/>
      <line num="300" count="13" type="stmt"/>
      <line num="301" count="47" type="cond" truecount="1" falsecount="0"/>
      <line num="302" count="31" type="cond" truecount="1" falsecount="0"/>
      <line num="303" count="9" type="stmt"/>
      <line num="304" count="9" type="stmt"/>
      <line num="305" count="9" type="stmt"/>
      <line num="306" count="9" type="cond" truecount="1" falsecount="0"/>
      <line num="307" count="22" type="stmt"/>
      <line num="308" count="22" type="stmt"/>
      <line num="309" count="22" type="stmt"/>
      <line num="310" count="22" type="stmt"/>
      <line num="311" count="22" type="stmt"/>
      <line num="312" count="22" type="stmt"/>
      <line num="313" count="47" type="stmt"/>
      <line num="314" count="2" type="stmt"/>
      <line num="315" count="2" type="cond" truecount="1" falsecount="0"/>
      <line num="316" count="11" type="cond" truecount="1" falsecount="0"/>
      <line num="317" count="11" type="cond" truecount="1" falsecount="0"/>
      <line num="318" count="11" type="stmt"/>
      <line num="319" count="11" type="stmt"/>
      <line num="320" count="11" type="stmt"/>
      <line num="321" count="11" type="stmt"/>
      <line num="322" count="2" type="stmt"/>
      <line num="323" count="2" type="cond" truecount="1" falsecount="0"/>
      <line num="324" count="11" type="stmt"/>
      <line num="325" count="11" type="stmt"/>
      <line num="326" count="11" type="stmt"/>
      <line num="327" count="2" type="stmt"/>
      <line num="328" count="2" type="stmt"/>
      <line num="329" count="2" type="stmt"/>
      <line num="330" count="2" type="stmt"/>
      <line num="331" count="2" type="stmt"/>
      <line num="332" count="2" type="cond" truecount="1" falsecount="0"/>
      <line num="333" count="25" type="stmt"/>
      <line num="334" count="25" type="stmt"/>
      <line num="335" count="25" type="stmt"/>
      <line num="336" count="25" type="stmt"/>
      <line num="337" count="25" type="stmt"/>
      <line num="338" count="25" type="cond" truecount="0" falsecount="2"/>
      <line num="339" count="0" type="stmt"/>
      <line num="340" count="0" type="stmt"/>
      <line num="341" count="0" type="stmt"/>
      <line num="342" count="25" type="stmt"/>
      <line num="343" count="25" type="stmt"/>
      <line num="344" count="2" type="stmt"/>
      <line num="345" count="2" type="cond" truecount="1" falsecount="0"/>
      <line num="346" count="5" type="stmt"/>
      <line num="347" count="5" type="stmt"/>
      <line num="348" count="5" type="stmt"/>
      <line num="349" count="5" type="stmt"/>
      <line num="350" count="5" type="stmt"/>
      <line num="351" count="5" type="stmt"/>
      <line num="352" count="5" type="stmt"/>
      <line num="353" count="5" type="cond" truecount="1" falsecount="0"/>
      <line num="354" count="1" type="stmt"/>
      <line num="355" count="1" type="stmt"/>
      <line num="356" count="5" type="stmt"/>
      <line num="357" count="2" type="stmt"/>
      <line num="358" count="2" type="stmt"/>
      <line num="359" count="2" type="stmt"/>
      <line num="360" count="2" type="cond" truecount="1" falsecount="0"/>
      <line num="361" count="2" type="stmt"/>
      <line num="362" count="2" type="stmt"/>
      <line num="363" count="2" type="stmt"/>
      <line num="364" count="2" type="stmt"/>
      <line num="365" count="2" type="stmt"/>
      <line num="366" count="2" type="stmt"/>
      <line num="367" count="2" type="cond" truecount="1" falsecount="0"/>
      <line num="368" count="2" type="stmt"/>
      <line num="369" count="2" type="stmt"/>
      <line num="370" count="2" type="stmt"/>
      <line num="371" count="2" type="stmt"/>
      <line num="372" count="2" type="stmt"/>
      <line num="373" count="2" type="stmt"/>
      <line num="374" count="2" type="cond" truecount="1" falsecount="0"/>
      <line num="375" count="2" type="stmt"/>
      <line num="376" count="2" type="stmt"/>
      <line num="377" count="2" type="stmt"/>
      <line num="378" count="2" type="stmt"/>
      <line num="379" count="2" type="stmt"/>
      <line num="380" count="2" type="stmt"/>
      <line num="381" count="2" type="cond" truecount="1" falsecount="0"/>
      <line num="382" count="6" type="stmt"/>
      <line num="383" count="6" type="stmt"/>
      <line num="384" count="2" type="stmt"/>
      <line num="385" count="2" type="cond" truecount="1" falsecount="0"/>
      <line num="386" count="44" type="stmt"/>
      <line num="387" count="44" type="stmt"/>
      <line num="388" count="44" type="stmt"/>
      <line num="389" count="44" type="stmt"/>
      <line num="390" count="2" type="stmt"/>
      <line num="391" count="2" type="cond" truecount="1" falsecount="0"/>
      <line num="392" count="2" type="stmt"/>
      <line num="393" count="2" type="stmt"/>
      <line num="394" count="2" type="stmt"/>
      <line num="395" count="2" type="cond" truecount="1" falsecount="0"/>
      <line num="396" count="13" type="stmt"/>
      <line num="397" count="13" type="stmt"/>
      <line num="398" count="13" type="stmt"/>
      <line num="399" count="13" type="stmt"/>
      <line num="400" count="13" type="stmt"/>
      <line num="401" count="13" type="cond" truecount="1" falsecount="0"/>
      <line num="402" count="1" type="stmt"/>
      <line num="403" count="1" type="stmt"/>
      <line num="404" count="13" type="stmt"/>
      <line num="405" count="13" type="stmt"/>
      <line num="406" count="13" type="stmt"/>
      <line num="407" count="13" type="stmt"/>
      <line num="408" count="2" type="stmt"/>
      <line num="409" count="1" type="stmt"/>
      <line num="410" count="1" type="stmt"/>
    </file>
  </project>
</coverage>
