{"/Users/h2o/frontend/cannonHttpJS/src/main.ts": {"path":"/Users/h2o/frontend/cannonHttpJS/src/main.ts","all":false,"statementMap":{"0":{"start":{"line":1,"column":0},"end":{"line":1,"column":32}},"1":{"start":{"line":2,"column":0},"end":{"line":2,"column":0}},"2":{"start":{"line":3,"column":0},"end":{"line":3,"column":39}},"3":{"start":{"line":4,"column":0},"end":{"line":4,"column":15}},"4":{"start":{"line":5,"column":0},"end":{"line":5,"column":64}},"5":{"start":{"line":6,"column":0},"end":{"line":6,"column":56}},"6":{"start":{"line":7,"column":0},"end":{"line":7,"column":53}},"7":{"start":{"line":8,"column":0},"end":{"line":8,"column":9}},"8":{"start":{"line":9,"column":0},"end":{"line":9,"column":11}},"9":{"start":{"line":10,"column":0},"end":{"line":10,"column":30}},"10":{"start":{"line":11,"column":0},"end":{"line":11,"column":53}},"11":{"start":{"line":12,"column":0},"end":{"line":12,"column":4}},"12":{"start":{"line":13,"column":0},"end":{"line":13,"column":0}},"13":{"start":{"line":14,"column":0},"end":{"line":14,"column":34}},"14":{"start":{"line":15,"column":0},"end":{"line":15,"column":0}},"15":{"start":{"line":16,"column":0},"end":{"line":16,"column":43}},"16":{"start":{"line":17,"column":0},"end":{"line":17,"column":30}},"17":{"start":{"line":18,"column":0},"end":{"line":18,"column":35}},"18":{"start":{"line":19,"column":0},"end":{"line":19,"column":68}},"19":{"start":{"line":20,"column":0},"end":{"line":20,"column":31}},"20":{"start":{"line":21,"column":0},"end":{"line":21,"column":27}},"21":{"start":{"line":22,"column":0},"end":{"line":22,"column":48}},"22":{"start":{"line":23,"column":0},"end":{"line":23,"column":0}},"23":{"start":{"line":24,"column":0},"end":{"line":24,"column":65}},"24":{"start":{"line":25,"column":0},"end":{"line":25,"column":13}},"25":{"start":{"line":26,"column":0},"end":{"line":26,"column":35}},"26":{"start":{"line":27,"column":0},"end":{"line":27,"column":21}},"27":{"start":{"line":28,"column":0},"end":{"line":28,"column":43}},"28":{"start":{"line":29,"column":0},"end":{"line":29,"column":13}},"29":{"start":{"line":30,"column":0},"end":{"line":30,"column":29}},"30":{"start":{"line":31,"column":0},"end":{"line":31,"column":71}},"31":{"start":{"line":32,"column":0},"end":{"line":32,"column":55}},"32":{"start":{"line":33,"column":0},"end":{"line":33,"column":1}},"33":{"start":{"line":34,"column":0},"end":{"line":34,"column":0}},"34":{"start":{"line":35,"column":0},"end":{"line":35,"column":27}},"35":{"start":{"line":36,"column":0},"end":{"line":36,"column":17}},"36":{"start":{"line":37,"column":0},"end":{"line":37,"column":21}},"37":{"start":{"line":38,"column":0},"end":{"line":38,"column":19}},"38":{"start":{"line":39,"column":0},"end":{"line":39,"column":10}},"39":{"start":{"line":40,"column":0},"end":{"line":40,"column":1}},"40":{"start":{"line":41,"column":0},"end":{"line":41,"column":33}},"41":{"start":{"line":42,"column":0},"end":{"line":42,"column":38}},"42":{"start":{"line":43,"column":0},"end":{"line":43,"column":32}},"43":{"start":{"line":44,"column":0},"end":{"line":44,"column":75}},"44":{"start":{"line":45,"column":0},"end":{"line":45,"column":39}},"45":{"start":{"line":46,"column":0},"end":{"line":46,"column":60}},"46":{"start":{"line":47,"column":0},"end":{"line":47,"column":62}},"47":{"start":{"line":48,"column":0},"end":{"line":48,"column":54}},"48":{"start":{"line":49,"column":0},"end":{"line":49,"column":58}},"49":{"start":{"line":50,"column":0},"end":{"line":50,"column":31}},"50":{"start":{"line":51,"column":0},"end":{"line":51,"column":0}},"51":{"start":{"line":52,"column":0},"end":{"line":52,"column":17}},"52":{"start":{"line":53,"column":0},"end":{"line":53,"column":29}},"53":{"start":{"line":54,"column":0},"end":{"line":54,"column":27}},"54":{"start":{"line":55,"column":0},"end":{"line":55,"column":3}},"55":{"start":{"line":56,"column":0},"end":{"line":56,"column":0}},"56":{"start":{"line":57,"column":0},"end":{"line":57,"column":42}},"57":{"start":{"line":58,"column":0},"end":{"line":58,"column":31}},"58":{"start":{"line":59,"column":0},"end":{"line":59,"column":3}},"59":{"start":{"line":60,"column":0},"end":{"line":60,"column":0}},"60":{"start":{"line":61,"column":0},"end":{"line":61,"column":37}},"61":{"start":{"line":62,"column":0},"end":{"line":62,"column":29}},"62":{"start":{"line":63,"column":0},"end":{"line":63,"column":3}},"63":{"start":{"line":64,"column":0},"end":{"line":64,"column":0}},"64":{"start":{"line":65,"column":0},"end":{"line":65,"column":48}},"65":{"start":{"line":66,"column":0},"end":{"line":66,"column":31}},"66":{"start":{"line":67,"column":0},"end":{"line":67,"column":38}},"67":{"start":{"line":68,"column":0},"end":{"line":68,"column":3}},"68":{"start":{"line":69,"column":0},"end":{"line":69,"column":0}},"69":{"start":{"line":70,"column":0},"end":{"line":70,"column":44}},"70":{"start":{"line":71,"column":0},"end":{"line":71,"column":27}},"71":{"start":{"line":72,"column":0},"end":{"line":72,"column":3}},"72":{"start":{"line":73,"column":0},"end":{"line":73,"column":0}},"73":{"start":{"line":74,"column":0},"end":{"line":74,"column":71}},"74":{"start":{"line":75,"column":0},"end":{"line":75,"column":23}},"75":{"start":{"line":76,"column":0},"end":{"line":76,"column":36}},"76":{"start":{"line":77,"column":0},"end":{"line":77,"column":5}},"77":{"start":{"line":78,"column":0},"end":{"line":78,"column":3}},"78":{"start":{"line":79,"column":0},"end":{"line":79,"column":0}},"79":{"start":{"line":80,"column":0},"end":{"line":80,"column":74}},"80":{"start":{"line":81,"column":0},"end":{"line":81,"column":23}},"81":{"start":{"line":82,"column":0},"end":{"line":82,"column":37}},"82":{"start":{"line":83,"column":0},"end":{"line":83,"column":5}},"83":{"start":{"line":84,"column":0},"end":{"line":84,"column":3}},"84":{"start":{"line":85,"column":0},"end":{"line":85,"column":0}},"85":{"start":{"line":86,"column":0},"end":{"line":86,"column":74}},"86":{"start":{"line":87,"column":0},"end":{"line":87,"column":47}},"87":{"start":{"line":88,"column":0},"end":{"line":88,"column":3}},"88":{"start":{"line":89,"column":0},"end":{"line":89,"column":0}},"89":{"start":{"line":90,"column":0},"end":{"line":90,"column":76}},"90":{"start":{"line":91,"column":0},"end":{"line":91,"column":48}},"91":{"start":{"line":92,"column":0},"end":{"line":92,"column":3}},"92":{"start":{"line":93,"column":0},"end":{"line":93,"column":0}},"93":{"start":{"line":94,"column":0},"end":{"line":94,"column":46}},"94":{"start":{"line":95,"column":0},"end":{"line":95,"column":64}},"95":{"start":{"line":96,"column":0},"end":{"line":96,"column":28}},"96":{"start":{"line":97,"column":0},"end":{"line":97,"column":3}},"97":{"start":{"line":98,"column":0},"end":{"line":98,"column":0}},"98":{"start":{"line":99,"column":0},"end":{"line":99,"column":36}},"99":{"start":{"line":100,"column":0},"end":{"line":100,"column":31}},"100":{"start":{"line":101,"column":0},"end":{"line":101,"column":19}},"101":{"start":{"line":102,"column":0},"end":{"line":102,"column":32}},"102":{"start":{"line":103,"column":0},"end":{"line":103,"column":19}},"103":{"start":{"line":104,"column":0},"end":{"line":104,"column":12}},"104":{"start":{"line":105,"column":0},"end":{"line":105,"column":39}},"105":{"start":{"line":106,"column":0},"end":{"line":106,"column":5}},"106":{"start":{"line":107,"column":0},"end":{"line":107,"column":3}},"107":{"start":{"line":108,"column":0},"end":{"line":108,"column":0}},"108":{"start":{"line":109,"column":0},"end":{"line":109,"column":36}},"109":{"start":{"line":110,"column":0},"end":{"line":110,"column":37}},"110":{"start":{"line":111,"column":0},"end":{"line":111,"column":3}},"111":{"start":{"line":112,"column":0},"end":{"line":112,"column":0}},"112":{"start":{"line":113,"column":0},"end":{"line":113,"column":35}},"113":{"start":{"line":114,"column":0},"end":{"line":114,"column":50}},"114":{"start":{"line":115,"column":0},"end":{"line":115,"column":0}},"115":{"start":{"line":116,"column":0},"end":{"line":116,"column":37}},"116":{"start":{"line":117,"column":0},"end":{"line":117,"column":17}},"117":{"start":{"line":118,"column":0},"end":{"line":118,"column":81}},"118":{"start":{"line":119,"column":0},"end":{"line":119,"column":11}},"119":{"start":{"line":120,"column":0},"end":{"line":120,"column":9}},"120":{"start":{"line":121,"column":0},"end":{"line":121,"column":6}},"121":{"start":{"line":122,"column":0},"end":{"line":122,"column":0}},"122":{"start":{"line":123,"column":0},"end":{"line":123,"column":27}},"123":{"start":{"line":124,"column":0},"end":{"line":124,"column":36}},"124":{"start":{"line":125,"column":0},"end":{"line":125,"column":20}},"125":{"start":{"line":126,"column":0},"end":{"line":126,"column":43}},"126":{"start":{"line":127,"column":0},"end":{"line":127,"column":46}},"127":{"start":{"line":128,"column":0},"end":{"line":128,"column":42}},"128":{"start":{"line":129,"column":0},"end":{"line":129,"column":26}},"129":{"start":{"line":130,"column":0},"end":{"line":130,"column":7}},"130":{"start":{"line":131,"column":0},"end":{"line":131,"column":5}},"131":{"start":{"line":132,"column":0},"end":{"line":132,"column":23}},"132":{"start":{"line":133,"column":0},"end":{"line":133,"column":3}},"133":{"start":{"line":134,"column":0},"end":{"line":134,"column":0}},"134":{"start":{"line":135,"column":0},"end":{"line":135,"column":31}},"135":{"start":{"line":136,"column":0},"end":{"line":136,"column":38}},"136":{"start":{"line":137,"column":0},"end":{"line":137,"column":18}},"137":{"start":{"line":138,"column":0},"end":{"line":138,"column":31}},"138":{"start":{"line":139,"column":0},"end":{"line":139,"column":33}},"139":{"start":{"line":140,"column":0},"end":{"line":140,"column":57}},"140":{"start":{"line":141,"column":0},"end":{"line":141,"column":11}},"141":{"start":{"line":142,"column":0},"end":{"line":142,"column":43}},"142":{"start":{"line":143,"column":0},"end":{"line":143,"column":28}},"143":{"start":{"line":144,"column":0},"end":{"line":144,"column":72}},"144":{"start":{"line":145,"column":0},"end":{"line":145,"column":7}},"145":{"start":{"line":146,"column":0},"end":{"line":146,"column":5}},"146":{"start":{"line":147,"column":0},"end":{"line":147,"column":11}},"147":{"start":{"line":148,"column":0},"end":{"line":148,"column":21}},"148":{"start":{"line":149,"column":0},"end":{"line":149,"column":15}},"149":{"start":{"line":150,"column":0},"end":{"line":150,"column":18}},"150":{"start":{"line":151,"column":0},"end":{"line":151,"column":11}},"151":{"start":{"line":152,"column":0},"end":{"line":152,"column":12}},"152":{"start":{"line":153,"column":0},"end":{"line":153,"column":18}},"153":{"start":{"line":154,"column":0},"end":{"line":154,"column":14}},"154":{"start":{"line":155,"column":0},"end":{"line":155,"column":16}},"155":{"start":{"line":156,"column":0},"end":{"line":156,"column":16}},"156":{"start":{"line":157,"column":0},"end":{"line":157,"column":11}},"157":{"start":{"line":158,"column":0},"end":{"line":158,"column":15}},"158":{"start":{"line":159,"column":0},"end":{"line":159,"column":15}},"159":{"start":{"line":160,"column":0},"end":{"line":160,"column":21}},"160":{"start":{"line":161,"column":0},"end":{"line":161,"column":13}},"161":{"start":{"line":162,"column":0},"end":{"line":162,"column":13}},"162":{"start":{"line":163,"column":0},"end":{"line":163,"column":11}},"163":{"start":{"line":164,"column":0},"end":{"line":164,"column":25}},"164":{"start":{"line":165,"column":0},"end":{"line":165,"column":14}},"165":{"start":{"line":166,"column":0},"end":{"line":166,"column":18}},"166":{"start":{"line":167,"column":0},"end":{"line":167,"column":13}},"167":{"start":{"line":168,"column":0},"end":{"line":168,"column":15}},"168":{"start":{"line":169,"column":0},"end":{"line":169,"column":0}},"169":{"start":{"line":170,"column":0},"end":{"line":170,"column":50}},"170":{"start":{"line":171,"column":0},"end":{"line":171,"column":0}},"171":{"start":{"line":172,"column":0},"end":{"line":172,"column":40}},"172":{"start":{"line":173,"column":0},"end":{"line":173,"column":65}},"173":{"start":{"line":174,"column":0},"end":{"line":174,"column":6}},"174":{"start":{"line":175,"column":0},"end":{"line":175,"column":0}},"175":{"start":{"line":176,"column":0},"end":{"line":176,"column":41}},"176":{"start":{"line":177,"column":0},"end":{"line":177,"column":13}},"177":{"start":{"line":178,"column":0},"end":{"line":178,"column":12}},"178":{"start":{"line":179,"column":0},"end":{"line":179,"column":18}},"179":{"start":{"line":180,"column":0},"end":{"line":180,"column":16}},"180":{"start":{"line":181,"column":0},"end":{"line":181,"column":16}},"181":{"start":{"line":182,"column":0},"end":{"line":182,"column":11}},"182":{"start":{"line":183,"column":0},"end":{"line":183,"column":15}},"183":{"start":{"line":184,"column":0},"end":{"line":184,"column":15}},"184":{"start":{"line":185,"column":0},"end":{"line":185,"column":21}},"185":{"start":{"line":186,"column":0},"end":{"line":186,"column":13}},"186":{"start":{"line":187,"column":0},"end":{"line":187,"column":39}},"187":{"start":{"line":188,"column":0},"end":{"line":188,"column":11}},"188":{"start":{"line":189,"column":0},"end":{"line":189,"column":13}},"189":{"start":{"line":190,"column":0},"end":{"line":190,"column":6}},"190":{"start":{"line":191,"column":0},"end":{"line":191,"column":0}},"191":{"start":{"line":192,"column":0},"end":{"line":192,"column":50}},"192":{"start":{"line":193,"column":0},"end":{"line":193,"column":18}},"193":{"start":{"line":194,"column":0},"end":{"line":194,"column":53}},"194":{"start":{"line":195,"column":0},"end":{"line":195,"column":5}},"195":{"start":{"line":196,"column":0},"end":{"line":196,"column":0}},"196":{"start":{"line":197,"column":0},"end":{"line":197,"column":15}},"197":{"start":{"line":198,"column":0},"end":{"line":198,"column":37}},"198":{"start":{"line":199,"column":0},"end":{"line":199,"column":35}},"199":{"start":{"line":200,"column":0},"end":{"line":200,"column":14}},"200":{"start":{"line":201,"column":0},"end":{"line":201,"column":25}},"201":{"start":{"line":202,"column":0},"end":{"line":202,"column":42}},"202":{"start":{"line":203,"column":0},"end":{"line":203,"column":0}},"203":{"start":{"line":204,"column":0},"end":{"line":204,"column":35}},"204":{"start":{"line":205,"column":0},"end":{"line":205,"column":43}},"205":{"start":{"line":206,"column":0},"end":{"line":206,"column":38}},"206":{"start":{"line":207,"column":0},"end":{"line":207,"column":42}},"207":{"start":{"line":208,"column":0},"end":{"line":208,"column":47}},"208":{"start":{"line":209,"column":0},"end":{"line":209,"column":53}},"209":{"start":{"line":210,"column":0},"end":{"line":210,"column":56}},"210":{"start":{"line":211,"column":0},"end":{"line":211,"column":40}},"211":{"start":{"line":212,"column":0},"end":{"line":212,"column":59}},"212":{"start":{"line":213,"column":0},"end":{"line":213,"column":17}},"213":{"start":{"line":214,"column":0},"end":{"line":214,"column":22}},"214":{"start":{"line":215,"column":0},"end":{"line":215,"column":44}},"215":{"start":{"line":216,"column":0},"end":{"line":216,"column":15}},"216":{"start":{"line":217,"column":0},"end":{"line":217,"column":13}},"217":{"start":{"line":218,"column":0},"end":{"line":218,"column":11}},"218":{"start":{"line":219,"column":0},"end":{"line":219,"column":41}},"219":{"start":{"line":220,"column":0},"end":{"line":220,"column":9}},"220":{"start":{"line":221,"column":0},"end":{"line":221,"column":0}},"221":{"start":{"line":222,"column":0},"end":{"line":222,"column":26}},"222":{"start":{"line":223,"column":0},"end":{"line":223,"column":34}},"223":{"start":{"line":224,"column":0},"end":{"line":224,"column":62}},"224":{"start":{"line":225,"column":0},"end":{"line":225,"column":13}},"225":{"start":{"line":226,"column":0},"end":{"line":226,"column":40}},"226":{"start":{"line":227,"column":0},"end":{"line":227,"column":55}},"227":{"start":{"line":228,"column":0},"end":{"line":228,"column":11}},"228":{"start":{"line":229,"column":0},"end":{"line":229,"column":0}},"229":{"start":{"line":230,"column":0},"end":{"line":230,"column":40}},"230":{"start":{"line":231,"column":0},"end":{"line":231,"column":80}},"231":{"start":{"line":232,"column":0},"end":{"line":232,"column":0}},"232":{"start":{"line":233,"column":0},"end":{"line":233,"column":53}},"233":{"start":{"line":234,"column":0},"end":{"line":234,"column":53}},"234":{"start":{"line":235,"column":0},"end":{"line":235,"column":11}},"235":{"start":{"line":236,"column":0},"end":{"line":236,"column":9}},"236":{"start":{"line":237,"column":0},"end":{"line":237,"column":7}},"237":{"start":{"line":238,"column":0},"end":{"line":238,"column":5}},"238":{"start":{"line":239,"column":0},"end":{"line":239,"column":54}},"239":{"start":{"line":240,"column":0},"end":{"line":240,"column":54}},"240":{"start":{"line":241,"column":0},"end":{"line":241,"column":6}},"241":{"start":{"line":242,"column":0},"end":{"line":242,"column":0}},"242":{"start":{"line":243,"column":0},"end":{"line":243,"column":9}},"243":{"start":{"line":244,"column":0},"end":{"line":244,"column":29}},"244":{"start":{"line":245,"column":0},"end":{"line":245,"column":20}},"245":{"start":{"line":246,"column":0},"end":{"line":246,"column":69}},"246":{"start":{"line":247,"column":0},"end":{"line":247,"column":28}},"247":{"start":{"line":248,"column":0},"end":{"line":248,"column":36}},"248":{"start":{"line":249,"column":0},"end":{"line":249,"column":70}},"249":{"start":{"line":250,"column":0},"end":{"line":250,"column":22}},"250":{"start":{"line":251,"column":0},"end":{"line":251,"column":11}},"251":{"start":{"line":252,"column":0},"end":{"line":252,"column":0}},"252":{"start":{"line":253,"column":0},"end":{"line":253,"column":49}},"253":{"start":{"line":254,"column":0},"end":{"line":254,"column":26}},"254":{"start":{"line":255,"column":0},"end":{"line":255,"column":24}},"255":{"start":{"line":256,"column":0},"end":{"line":256,"column":10}},"256":{"start":{"line":257,"column":0},"end":{"line":257,"column":0}},"257":{"start":{"line":258,"column":0},"end":{"line":258,"column":70}},"258":{"start":{"line":259,"column":0},"end":{"line":259,"column":14}},"259":{"start":{"line":260,"column":0},"end":{"line":260,"column":78}},"260":{"start":{"line":261,"column":0},"end":{"line":261,"column":7}},"261":{"start":{"line":262,"column":0},"end":{"line":262,"column":0}},"262":{"start":{"line":263,"column":0},"end":{"line":263,"column":25}},"263":{"start":{"line":264,"column":0},"end":{"line":264,"column":73}},"264":{"start":{"line":265,"column":0},"end":{"line":265,"column":7}},"265":{"start":{"line":266,"column":0},"end":{"line":266,"column":0}},"266":{"start":{"line":267,"column":0},"end":{"line":267,"column":26}},"267":{"start":{"line":268,"column":0},"end":{"line":268,"column":63}},"268":{"start":{"line":269,"column":0},"end":{"line":269,"column":0}},"269":{"start":{"line":270,"column":0},"end":{"line":270,"column":68}},"270":{"start":{"line":271,"column":0},"end":{"line":271,"column":45}},"271":{"start":{"line":272,"column":0},"end":{"line":272,"column":14}},"272":{"start":{"line":273,"column":0},"end":{"line":273,"column":59}},"273":{"start":{"line":274,"column":0},"end":{"line":274,"column":7}},"274":{"start":{"line":275,"column":0},"end":{"line":275,"column":0}},"275":{"start":{"line":276,"column":0},"end":{"line":276,"column":68}},"276":{"start":{"line":277,"column":0},"end":{"line":277,"column":0}},"277":{"start":{"line":278,"column":0},"end":{"line":278,"column":48}},"278":{"start":{"line":279,"column":0},"end":{"line":279,"column":32}},"279":{"start":{"line":280,"column":0},"end":{"line":280,"column":40}},"280":{"start":{"line":281,"column":0},"end":{"line":281,"column":34}},"281":{"start":{"line":282,"column":0},"end":{"line":282,"column":28}},"282":{"start":{"line":283,"column":0},"end":{"line":283,"column":8}},"283":{"start":{"line":284,"column":0},"end":{"line":284,"column":0}},"284":{"start":{"line":285,"column":0},"end":{"line":285,"column":36}},"285":{"start":{"line":286,"column":0},"end":{"line":286,"column":60}},"286":{"start":{"line":287,"column":0},"end":{"line":287,"column":65}},"287":{"start":{"line":288,"column":0},"end":{"line":288,"column":7}},"288":{"start":{"line":289,"column":0},"end":{"line":289,"column":0}},"289":{"start":{"line":290,"column":0},"end":{"line":290,"column":51}},"290":{"start":{"line":291,"column":0},"end":{"line":291,"column":62}},"291":{"start":{"line":292,"column":0},"end":{"line":292,"column":41}},"292":{"start":{"line":293,"column":0},"end":{"line":293,"column":34}},"293":{"start":{"line":294,"column":0},"end":{"line":294,"column":32}},"294":{"start":{"line":295,"column":0},"end":{"line":295,"column":11}},"295":{"start":{"line":296,"column":0},"end":{"line":296,"column":47}},"296":{"start":{"line":297,"column":0},"end":{"line":297,"column":52}},"297":{"start":{"line":298,"column":0},"end":{"line":298,"column":58}},"298":{"start":{"line":299,"column":0},"end":{"line":299,"column":9}},"299":{"start":{"line":300,"column":0},"end":{"line":300,"column":7}},"300":{"start":{"line":301,"column":0},"end":{"line":301,"column":0}},"301":{"start":{"line":302,"column":0},"end":{"line":302,"column":31}},"302":{"start":{"line":303,"column":0},"end":{"line":303,"column":26}},"303":{"start":{"line":304,"column":0},"end":{"line":304,"column":39}},"304":{"start":{"line":305,"column":0},"end":{"line":305,"column":64}},"305":{"start":{"line":306,"column":0},"end":{"line":306,"column":37}},"306":{"start":{"line":307,"column":0},"end":{"line":307,"column":59}},"307":{"start":{"line":308,"column":0},"end":{"line":308,"column":7}},"308":{"start":{"line":309,"column":0},"end":{"line":309,"column":51}},"309":{"start":{"line":310,"column":0},"end":{"line":310,"column":0}},"310":{"start":{"line":311,"column":0},"end":{"line":311,"column":22}},"311":{"start":{"line":312,"column":0},"end":{"line":312,"column":71}},"312":{"start":{"line":313,"column":0},"end":{"line":313,"column":8}},"313":{"start":{"line":314,"column":0},"end":{"line":314,"column":5}},"314":{"start":{"line":315,"column":0},"end":{"line":315,"column":3}},"315":{"start":{"line":316,"column":0},"end":{"line":316,"column":0}},"316":{"start":{"line":317,"column":0},"end":{"line":317,"column":58}},"317":{"start":{"line":318,"column":0},"end":{"line":318,"column":37}},"318":{"start":{"line":319,"column":0},"end":{"line":319,"column":24}},"319":{"start":{"line":320,"column":0},"end":{"line":320,"column":18}},"320":{"start":{"line":321,"column":0},"end":{"line":321,"column":21}},"321":{"start":{"line":322,"column":0},"end":{"line":322,"column":7}},"322":{"start":{"line":323,"column":0},"end":{"line":323,"column":3}},"323":{"start":{"line":324,"column":0},"end":{"line":324,"column":0}},"324":{"start":{"line":325,"column":0},"end":{"line":325,"column":51}},"325":{"start":{"line":326,"column":0},"end":{"line":326,"column":26}},"326":{"start":{"line":327,"column":0},"end":{"line":327,"column":47}},"327":{"start":{"line":328,"column":0},"end":{"line":328,"column":3}},"328":{"start":{"line":329,"column":0},"end":{"line":329,"column":0}},"329":{"start":{"line":330,"column":0},"end":{"line":330,"column":80}},"330":{"start":{"line":331,"column":0},"end":{"line":331,"column":42}},"331":{"start":{"line":332,"column":0},"end":{"line":332,"column":6}},"332":{"start":{"line":333,"column":0},"end":{"line":333,"column":0}},"333":{"start":{"line":334,"column":0},"end":{"line":334,"column":13}},"334":{"start":{"line":335,"column":0},"end":{"line":335,"column":16}},"335":{"start":{"line":336,"column":0},"end":{"line":336,"column":71}},"336":{"start":{"line":337,"column":0},"end":{"line":337,"column":31}},"337":{"start":{"line":338,"column":0},"end":{"line":338,"column":74}},"338":{"start":{"line":339,"column":0},"end":{"line":339,"column":0}},"339":{"start":{"line":340,"column":0},"end":{"line":340,"column":64}},"340":{"start":{"line":341,"column":0},"end":{"line":341,"column":67}},"341":{"start":{"line":342,"column":0},"end":{"line":342,"column":49}},"342":{"start":{"line":343,"column":0},"end":{"line":343,"column":5}},"343":{"start":{"line":344,"column":0},"end":{"line":344,"column":66}},"344":{"start":{"line":345,"column":0},"end":{"line":345,"column":3}},"345":{"start":{"line":346,"column":0},"end":{"line":346,"column":0}},"346":{"start":{"line":347,"column":0},"end":{"line":347,"column":20}},"347":{"start":{"line":348,"column":0},"end":{"line":348,"column":16}},"348":{"start":{"line":349,"column":0},"end":{"line":349,"column":71}},"349":{"start":{"line":350,"column":0},"end":{"line":350,"column":31}},"350":{"start":{"line":351,"column":0},"end":{"line":351,"column":48}},"351":{"start":{"line":352,"column":0},"end":{"line":352,"column":16}},"352":{"start":{"line":353,"column":0},"end":{"line":353,"column":10}},"353":{"start":{"line":354,"column":0},"end":{"line":354,"column":21}},"354":{"start":{"line":355,"column":0},"end":{"line":355,"column":7}},"355":{"start":{"line":356,"column":0},"end":{"line":356,"column":30}},"356":{"start":{"line":357,"column":0},"end":{"line":357,"column":20}},"357":{"start":{"line":358,"column":0},"end":{"line":358,"column":3}},"358":{"start":{"line":359,"column":0},"end":{"line":359,"column":0}},"359":{"start":{"line":360,"column":0},"end":{"line":360,"column":64}},"360":{"start":{"line":361,"column":0},"end":{"line":361,"column":0}},"361":{"start":{"line":362,"column":0},"end":{"line":362,"column":13}},"362":{"start":{"line":363,"column":0},"end":{"line":363,"column":16}},"363":{"start":{"line":364,"column":0},"end":{"line":364,"column":71}},"364":{"start":{"line":365,"column":0},"end":{"line":365,"column":31}},"365":{"start":{"line":366,"column":0},"end":{"line":366,"column":66}},"366":{"start":{"line":367,"column":0},"end":{"line":367,"column":3}},"367":{"start":{"line":368,"column":0},"end":{"line":368,"column":0}},"368":{"start":{"line":369,"column":0},"end":{"line":369,"column":15}},"369":{"start":{"line":370,"column":0},"end":{"line":370,"column":16}},"370":{"start":{"line":371,"column":0},"end":{"line":371,"column":71}},"371":{"start":{"line":372,"column":0},"end":{"line":372,"column":31}},"372":{"start":{"line":373,"column":0},"end":{"line":373,"column":68}},"373":{"start":{"line":374,"column":0},"end":{"line":374,"column":3}},"374":{"start":{"line":375,"column":0},"end":{"line":375,"column":0}},"375":{"start":{"line":376,"column":0},"end":{"line":376,"column":16}},"376":{"start":{"line":377,"column":0},"end":{"line":377,"column":16}},"377":{"start":{"line":378,"column":0},"end":{"line":378,"column":71}},"378":{"start":{"line":379,"column":0},"end":{"line":379,"column":31}},"379":{"start":{"line":380,"column":0},"end":{"line":380,"column":69}},"380":{"start":{"line":381,"column":0},"end":{"line":381,"column":3}},"381":{"start":{"line":382,"column":0},"end":{"line":382,"column":0}},"382":{"start":{"line":383,"column":0},"end":{"line":383,"column":67}},"383":{"start":{"line":384,"column":0},"end":{"line":384,"column":65}},"384":{"start":{"line":385,"column":0},"end":{"line":385,"column":3}},"385":{"start":{"line":386,"column":0},"end":{"line":386,"column":0}},"386":{"start":{"line":387,"column":0},"end":{"line":387,"column":30}},"387":{"start":{"line":388,"column":0},"end":{"line":388,"column":35}},"388":{"start":{"line":389,"column":0},"end":{"line":389,"column":29}},"389":{"start":{"line":390,"column":0},"end":{"line":390,"column":50}},"390":{"start":{"line":391,"column":0},"end":{"line":391,"column":3}},"391":{"start":{"line":392,"column":0},"end":{"line":392,"column":0}},"392":{"start":{"line":393,"column":0},"end":{"line":393,"column":70}},"393":{"start":{"line":394,"column":0},"end":{"line":394,"column":44}},"394":{"start":{"line":395,"column":0},"end":{"line":395,"column":3}},"395":{"start":{"line":396,"column":0},"end":{"line":396,"column":0}},"396":{"start":{"line":397,"column":0},"end":{"line":397,"column":48}},"397":{"start":{"line":398,"column":0},"end":{"line":398,"column":71}},"398":{"start":{"line":399,"column":0},"end":{"line":399,"column":10}},"399":{"start":{"line":400,"column":0},"end":{"line":400,"column":0}},"400":{"start":{"line":401,"column":0},"end":{"line":401,"column":43}},"401":{"start":{"line":402,"column":0},"end":{"line":402,"column":29}},"402":{"start":{"line":403,"column":0},"end":{"line":403,"column":54}},"403":{"start":{"line":404,"column":0},"end":{"line":404,"column":47}},"404":{"start":{"line":405,"column":0},"end":{"line":405,"column":5}},"405":{"start":{"line":406,"column":0},"end":{"line":406,"column":0}},"406":{"start":{"line":407,"column":0},"end":{"line":407,"column":32}},"407":{"start":{"line":408,"column":0},"end":{"line":408,"column":25}},"408":{"start":{"line":409,"column":0},"end":{"line":409,"column":3}},"409":{"start":{"line":410,"column":0},"end":{"line":410,"column":1}},"410":{"start":{"line":411,"column":0},"end":{"line":411,"column":69}},"411":{"start":{"line":412,"column":0},"end":{"line":412,"column":34}}},"s":{"0":1,"1":1,"2":1,"3":1,"4":1,"5":1,"6":1,"7":1,"8":1,"9":1,"10":1,"11":1,"12":1,"13":1,"14":1,"15":1,"16":1,"17":1,"18":1,"19":1,"20":1,"21":1,"22":1,"23":1,"24":1,"25":1,"26":1,"27":1,"28":1,"29":1,"30":1,"31":1,"32":1,"33":1,"34":1,"35":1,"36":1,"37":1,"38":1,"39":1,"40":2,"41":2,"42":2,"43":2,"44":2,"45":2,"46":2,"47":2,"48":2,"49":2,"50":2,"51":2,"52":2,"53":2,"54":2,"55":2,"56":2,"57":5,"58":5,"59":2,"60":2,"61":4,"62":4,"63":2,"64":2,"65":51,"66":5,"67":51,"68":2,"69":2,"70":17,"71":17,"72":2,"73":2,"74":46,"75":46,"76":46,"77":46,"78":2,"79":2,"80":46,"81":46,"82":46,"83":46,"84":2,"85":2,"86":4,"87":4,"88":2,"89":2,"90":2,"91":2,"92":2,"93":2,"94":54,"95":48,"96":54,"97":2,"98":2,"99":7,"100":0,"101":7,"102":0,"103":7,"104":7,"105":7,"106":7,"107":2,"108":2,"109":5,"110":5,"111":2,"112":2,"113":2,"114":2,"115":2,"116":2,"117":2,"118":2,"119":2,"120":2,"121":2,"122":2,"123":3,"124":3,"125":3,"126":8,"127":3,"128":3,"129":3,"130":8,"131":3,"132":3,"133":2,"134":2,"135":47,"136":47,"137":47,"138":47,"139":47,"140":4,"141":4,"142":2,"143":2,"144":2,"145":4,"146":45,"147":45,"148":45,"149":45,"150":45,"151":45,"152":45,"153":45,"154":45,"155":45,"156":45,"157":45,"158":45,"159":45,"160":45,"161":45,"162":45,"163":45,"164":45,"165":45,"166":45,"167":45,"168":45,"169":45,"170":45,"171":45,"172":6,"173":45,"174":45,"175":45,"176":45,"177":45,"178":45,"179":45,"180":45,"181":45,"182":45,"183":45,"184":45,"185":45,"186":45,"187":45,"188":45,"189":45,"190":45,"191":45,"192":45,"193":45,"194":45,"195":45,"196":47,"197":7,"198":1,"199":7,"200":6,"201":1,"202":1,"203":1,"204":2,"205":2,"206":2,"207":0,"208":2,"209":0,"210":0,"211":0,"212":0,"213":2,"214":2,"215":2,"216":2,"217":2,"218":1,"219":1,"220":6,"221":6,"222":5,"223":5,"224":5,"225":5,"226":4,"227":4,"228":5,"229":5,"230":1,"231":1,"232":1,"233":1,"234":1,"235":5,"236":6,"237":7,"238":44,"239":44,"240":44,"241":44,"242":44,"243":44,"244":47,"245":3,"246":3,"247":3,"248":3,"249":3,"250":3,"251":3,"252":3,"253":3,"254":3,"255":3,"256":3,"257":3,"258":47,"259":41,"260":41,"261":42,"262":47,"263":4,"264":4,"265":38,"266":38,"267":38,"268":38,"269":47,"270":0,"271":47,"272":38,"273":38,"274":38,"275":38,"276":38,"277":38,"278":38,"279":38,"280":38,"281":38,"282":38,"283":38,"284":38,"285":47,"286":2,"287":2,"288":38,"289":47,"290":19,"291":19,"292":19,"293":19,"294":19,"295":19,"296":1,"297":1,"298":1,"299":19,"300":38,"301":38,"302":47,"303":6,"304":3,"305":3,"306":3,"307":3,"308":3,"309":3,"310":3,"311":3,"312":3,"313":3,"314":47,"315":2,"316":2,"317":5,"318":5,"319":5,"320":5,"321":5,"322":5,"323":2,"324":2,"325":5,"326":5,"327":5,"328":2,"329":2,"330":2,"331":2,"332":2,"333":2,"334":32,"335":32,"336":32,"337":32,"338":32,"339":32,"340":1,"341":1,"342":1,"343":31,"344":32,"345":2,"346":2,"347":5,"348":5,"349":5,"350":5,"351":5,"352":5,"353":5,"354":5,"355":4,"356":4,"357":5,"358":2,"359":2,"360":2,"361":2,"362":2,"363":2,"364":2,"365":2,"366":2,"367":2,"368":2,"369":2,"370":2,"371":2,"372":2,"373":2,"374":2,"375":2,"376":2,"377":2,"378":2,"379":2,"380":2,"381":2,"382":2,"383":6,"384":6,"385":2,"386":2,"387":44,"388":44,"389":44,"390":44,"391":2,"392":2,"393":2,"394":2,"395":2,"396":2,"397":38,"398":38,"399":38,"400":38,"401":38,"402":38,"403":6,"404":6,"405":38,"406":38,"407":38,"408":38,"409":2,"410":1,"411":1},"branchMap":{"0":{"type":"branch","line":41,"loc":{"start":{"line":41,"column":0},"end":{"line":410,"column":1}},"locations":[{"start":{"line":41,"column":0},"end":{"line":410,"column":1}}]},"1":{"type":"branch","line":52,"loc":{"start":{"line":52,"column":2},"end":{"line":55,"column":3}},"locations":[{"start":{"line":52,"column":2},"end":{"line":55,"column":3}}]},"2":{"type":"branch","line":57,"loc":{"start":{"line":57,"column":9},"end":{"line":59,"column":3}},"locations":[{"start":{"line":57,"column":9},"end":{"line":59,"column":3}}]},"3":{"type":"branch","line":61,"loc":{"start":{"line":61,"column":9},"end":{"line":63,"column":3}},"locations":[{"start":{"line":61,"column":9},"end":{"line":63,"column":3}}]},"4":{"type":"branch","line":65,"loc":{"start":{"line":65,"column":9},"end":{"line":68,"column":3}},"locations":[{"start":{"line":65,"column":9},"end":{"line":68,"column":3}}]},"5":{"type":"branch","line":66,"loc":{"start":{"line":66,"column":24},"end":{"line":66,"column":31}},"locations":[{"start":{"line":66,"column":24},"end":{"line":66,"column":31}}]},"6":{"type":"branch","line":66,"loc":{"start":{"line":66,"column":24},"end":{"line":67,"column":38}},"locations":[{"start":{"line":66,"column":24},"end":{"line":67,"column":38}}]},"7":{"type":"branch","line":70,"loc":{"start":{"line":70,"column":9},"end":{"line":72,"column":3}},"locations":[{"start":{"line":70,"column":9},"end":{"line":72,"column":3}}]},"8":{"type":"branch","line":74,"loc":{"start":{"line":74,"column":9},"end":{"line":78,"column":3}},"locations":[{"start":{"line":74,"column":9},"end":{"line":78,"column":3}}]},"9":{"type":"branch","line":80,"loc":{"start":{"line":80,"column":9},"end":{"line":84,"column":3}},"locations":[{"start":{"line":80,"column":9},"end":{"line":84,"column":3}}]},"10":{"type":"branch","line":86,"loc":{"start":{"line":86,"column":9},"end":{"line":88,"column":3}},"locations":[{"start":{"line":86,"column":9},"end":{"line":88,"column":3}}]},"11":{"type":"branch","line":90,"loc":{"start":{"line":90,"column":9},"end":{"line":92,"column":3}},"locations":[{"start":{"line":90,"column":9},"end":{"line":92,"column":3}}]},"12":{"type":"branch","line":94,"loc":{"start":{"line":94,"column":9},"end":{"line":97,"column":3}},"locations":[{"start":{"line":94,"column":9},"end":{"line":97,"column":3}}]},"13":{"type":"branch","line":95,"loc":{"start":{"line":95,"column":13},"end":{"line":95,"column":64}},"locations":[{"start":{"line":95,"column":13},"end":{"line":95,"column":64}}]},"14":{"type":"branch","line":95,"loc":{"start":{"line":95,"column":62},"end":{"line":96,"column":28}},"locations":[{"start":{"line":95,"column":62},"end":{"line":96,"column":28}}]},"15":{"type":"branch","line":99,"loc":{"start":{"line":99,"column":10},"end":{"line":107,"column":3}},"locations":[{"start":{"line":99,"column":10},"end":{"line":107,"column":3}}]},"16":{"type":"branch","line":100,"loc":{"start":{"line":100,"column":30},"end":{"line":102,"column":15}},"locations":[{"start":{"line":100,"column":30},"end":{"line":102,"column":15}}]},"17":{"type":"branch","line":102,"loc":{"start":{"line":102,"column":31},"end":{"line":104,"column":11}},"locations":[{"start":{"line":102,"column":31},"end":{"line":104,"column":11}}]},"18":{"type":"branch","line":109,"loc":{"start":{"line":109,"column":10},"end":{"line":111,"column":3}},"locations":[{"start":{"line":109,"column":10},"end":{"line":111,"column":3}}]},"19":{"type":"branch","line":123,"loc":{"start":{"line":123,"column":9},"end":{"line":133,"column":3}},"locations":[{"start":{"line":123,"column":9},"end":{"line":133,"column":3}}]},"20":{"type":"branch","line":126,"loc":{"start":{"line":126,"column":42},"end":{"line":131,"column":5}},"locations":[{"start":{"line":126,"column":42},"end":{"line":131,"column":5}}]},"21":{"type":"branch","line":127,"loc":{"start":{"line":127,"column":45},"end":{"line":130,"column":7}},"locations":[{"start":{"line":127,"column":45},"end":{"line":130,"column":7}}]},"22":{"type":"branch","line":135,"loc":{"start":{"line":135,"column":2},"end":{"line":315,"column":3}},"locations":[{"start":{"line":135,"column":2},"end":{"line":315,"column":3}}]},"23":{"type":"branch","line":140,"loc":{"start":{"line":140,"column":56},"end":{"line":146,"column":5}},"locations":[{"start":{"line":140,"column":56},"end":{"line":146,"column":5}}]},"24":{"type":"branch","line":142,"loc":{"start":{"line":142,"column":41},"end":{"line":145,"column":7}},"locations":[{"start":{"line":142,"column":41},"end":{"line":145,"column":7}}]},"25":{"type":"branch","line":146,"loc":{"start":{"line":146,"column":4},"end":{"line":197,"column":14}},"locations":[{"start":{"line":146,"column":4},"end":{"line":197,"column":14}}]},"26":{"type":"branch","line":197,"loc":{"start":{"line":197,"column":14},"end":{"line":238,"column":5}},"locations":[{"start":{"line":197,"column":14},"end":{"line":238,"column":5}}]},"27":{"type":"branch","line":198,"loc":{"start":{"line":198,"column":36},"end":{"line":200,"column":13}},"locations":[{"start":{"line":198,"column":36},"end":{"line":200,"column":13}}]},"28":{"type":"branch","line":200,"loc":{"start":{"line":200,"column":6},"end":{"line":237,"column":7}},"locations":[{"start":{"line":200,"column":6},"end":{"line":237,"column":7}}]},"29":{"type":"branch","line":201,"loc":{"start":{"line":201,"column":24},"end":{"line":220,"column":9}},"locations":[{"start":{"line":201,"column":24},"end":{"line":220,"column":9}}]},"30":{"type":"branch","line":204,"loc":{"start":{"line":204,"column":34},"end":{"line":218,"column":11}},"locations":[{"start":{"line":204,"column":34},"end":{"line":218,"column":11}}]},"31":{"type":"branch","line":207,"loc":{"start":{"line":207,"column":41},"end":{"line":209,"column":25}},"locations":[{"start":{"line":207,"column":41},"end":{"line":209,"column":25}}]},"32":{"type":"branch","line":209,"loc":{"start":{"line":209,"column":52},"end":{"line":214,"column":21}},"locations":[{"start":{"line":209,"column":52},"end":{"line":214,"column":21}}]},"33":{"type":"branch","line":222,"loc":{"start":{"line":222,"column":25},"end":{"line":236,"column":9}},"locations":[{"start":{"line":222,"column":25},"end":{"line":236,"column":9}}]},"34":{"type":"branch","line":226,"loc":{"start":{"line":226,"column":39},"end":{"line":228,"column":11}},"locations":[{"start":{"line":226,"column":39},"end":{"line":228,"column":11}}]},"35":{"type":"branch","line":230,"loc":{"start":{"line":230,"column":39},"end":{"line":235,"column":11}},"locations":[{"start":{"line":230,"column":39},"end":{"line":235,"column":11}}]},"36":{"type":"branch","line":231,"loc":{"start":{"line":231,"column":53},"end":{"line":231,"column":80}},"locations":[{"start":{"line":231,"column":53},"end":{"line":231,"column":80}}]},"37":{"type":"branch","line":238,"loc":{"start":{"line":238,"column":4},"end":{"line":245,"column":19}},"locations":[{"start":{"line":238,"column":4},"end":{"line":245,"column":19}}]},"38":{"type":"branch","line":245,"loc":{"start":{"line":245,"column":19},"end":{"line":259,"column":13}},"locations":[{"start":{"line":245,"column":19},"end":{"line":259,"column":13}}]},"39":{"type":"branch","line":258,"loc":{"start":{"line":258,"column":68},"end":{"line":259,"column":13}},"locations":[{"start":{"line":258,"column":68},"end":{"line":259,"column":13}}]},"40":{"type":"branch","line":259,"loc":{"start":{"line":259,"column":6},"end":{"line":263,"column":24}},"locations":[{"start":{"line":259,"column":6},"end":{"line":263,"column":24}}]},"41":{"type":"branch","line":259,"loc":{"start":{"line":259,"column":6},"end":{"line":261,"column":7}},"locations":[{"start":{"line":259,"column":6},"end":{"line":261,"column":7}}]},"42":{"type":"branch","line":261,"loc":{"start":{"line":261,"column":6},"end":{"line":263,"column":24}},"locations":[{"start":{"line":261,"column":6},"end":{"line":263,"column":24}}]},"43":{"type":"branch","line":263,"loc":{"start":{"line":263,"column":24},"end":{"line":265,"column":7}},"locations":[{"start":{"line":263,"column":24},"end":{"line":265,"column":7}}]},"44":{"type":"branch","line":265,"loc":{"start":{"line":265,"column":6},"end":{"line":270,"column":67}},"locations":[{"start":{"line":265,"column":6},"end":{"line":270,"column":67}}]},"45":{"type":"branch","line":265,"loc":{"start":{"line":265,"column":6},"end":{"line":270,"column":25}},"locations":[{"start":{"line":265,"column":6},"end":{"line":270,"column":25}}]},"46":{"type":"branch","line":270,"loc":{"start":{"line":270,"column":10},"end":{"line":270,"column":67}},"locations":[{"start":{"line":270,"column":10},"end":{"line":270,"column":67}}]},"47":{"type":"branch","line":270,"loc":{"start":{"line":270,"column":67},"end":{"line":272,"column":13}},"locations":[{"start":{"line":270,"column":67},"end":{"line":272,"column":13}}]},"48":{"type":"branch","line":272,"loc":{"start":{"line":272,"column":6},"end":{"line":286,"column":59}},"locations":[{"start":{"line":272,"column":6},"end":{"line":286,"column":59}}]},"49":{"type":"branch","line":286,"loc":{"start":{"line":286,"column":59},"end":{"line":288,"column":7}},"locations":[{"start":{"line":286,"column":59},"end":{"line":288,"column":7}}]},"50":{"type":"branch","line":288,"loc":{"start":{"line":288,"column":6},"end":{"line":290,"column":30}},"locations":[{"start":{"line":288,"column":6},"end":{"line":290,"column":30}}]},"51":{"type":"branch","line":290,"loc":{"start":{"line":290,"column":21},"end":{"line":290,"column":50}},"locations":[{"start":{"line":290,"column":21},"end":{"line":290,"column":50}}]},"52":{"type":"branch","line":290,"loc":{"start":{"line":290,"column":50},"end":{"line":300,"column":7}},"locations":[{"start":{"line":290,"column":50},"end":{"line":300,"column":7}}]},"53":{"type":"branch","line":296,"loc":{"start":{"line":296,"column":46},"end":{"line":299,"column":9}},"locations":[{"start":{"line":296,"column":46},"end":{"line":299,"column":9}}]},"54":{"type":"branch","line":300,"loc":{"start":{"line":300,"column":6},"end":{"line":303,"column":13}},"locations":[{"start":{"line":300,"column":6},"end":{"line":303,"column":13}}]},"55":{"type":"branch","line":303,"loc":{"start":{"line":303,"column":4},"end":{"line":314,"column":5}},"locations":[{"start":{"line":303,"column":4},"end":{"line":314,"column":5}}]},"56":{"type":"branch","line":304,"loc":{"start":{"line":304,"column":38},"end":{"line":314,"column":5}},"locations":[{"start":{"line":304,"column":38},"end":{"line":314,"column":5}}]},"57":{"type":"branch","line":172,"loc":{"start":{"line":172,"column":32},"end":{"line":173,"column":65}},"locations":[{"start":{"line":172,"column":32},"end":{"line":173,"column":65}}]},"58":{"type":"branch","line":246,"loc":{"start":{"line":246,"column":53},"end":{"line":251,"column":9}},"locations":[{"start":{"line":246,"column":53},"end":{"line":251,"column":9}}]},"59":{"type":"branch","line":247,"loc":{"start":{"line":247,"column":21},"end":{"line":250,"column":13}},"locations":[{"start":{"line":247,"column":21},"end":{"line":250,"column":13}}]},"60":{"type":"branch","line":317,"loc":{"start":{"line":317,"column":2},"end":{"line":323,"column":3}},"locations":[{"start":{"line":317,"column":2},"end":{"line":323,"column":3}}]},"61":{"type":"branch","line":318,"loc":{"start":{"line":318,"column":23},"end":{"line":322,"column":5}},"locations":[{"start":{"line":318,"column":23},"end":{"line":322,"column":5}}]},"62":{"type":"branch","line":319,"loc":{"start":{"line":319,"column":17},"end":{"line":321,"column":9}},"locations":[{"start":{"line":319,"column":17},"end":{"line":321,"column":9}}]},"63":{"type":"branch","line":325,"loc":{"start":{"line":325,"column":10},"end":{"line":328,"column":3}},"locations":[{"start":{"line":325,"column":10},"end":{"line":328,"column":3}}]},"64":{"type":"branch","line":334,"loc":{"start":{"line":334,"column":9},"end":{"line":345,"column":3}},"locations":[{"start":{"line":334,"column":9},"end":{"line":345,"column":3}}]},"65":{"type":"branch","line":340,"loc":{"start":{"line":340,"column":8},"end":{"line":340,"column":63}},"locations":[{"start":{"line":340,"column":8},"end":{"line":340,"column":63}}]},"66":{"type":"branch","line":340,"loc":{"start":{"line":340,"column":63},"end":{"line":343,"column":5}},"locations":[{"start":{"line":340,"column":63},"end":{"line":343,"column":5}}]},"67":{"type":"branch","line":343,"loc":{"start":{"line":343,"column":4},"end":{"line":344,"column":66}},"locations":[{"start":{"line":343,"column":4},"end":{"line":344,"column":66}}]},"68":{"type":"branch","line":347,"loc":{"start":{"line":347,"column":2},"end":{"line":358,"column":3}},"locations":[{"start":{"line":347,"column":2},"end":{"line":358,"column":3}}]},"69":{"type":"branch","line":355,"loc":{"start":{"line":355,"column":5},"end":{"line":357,"column":20}},"locations":[{"start":{"line":355,"column":5},"end":{"line":357,"column":20}}]},"70":{"type":"branch","line":362,"loc":{"start":{"line":362,"column":9},"end":{"line":367,"column":3}},"locations":[{"start":{"line":362,"column":9},"end":{"line":367,"column":3}}]},"71":{"type":"branch","line":369,"loc":{"start":{"line":369,"column":9},"end":{"line":374,"column":3}},"locations":[{"start":{"line":369,"column":9},"end":{"line":374,"column":3}}]},"72":{"type":"branch","line":376,"loc":{"start":{"line":376,"column":9},"end":{"line":381,"column":3}},"locations":[{"start":{"line":376,"column":9},"end":{"line":381,"column":3}}]},"73":{"type":"branch","line":383,"loc":{"start":{"line":383,"column":9},"end":{"line":385,"column":3}},"locations":[{"start":{"line":383,"column":9},"end":{"line":385,"column":3}}]},"74":{"type":"branch","line":387,"loc":{"start":{"line":387,"column":10},"end":{"line":391,"column":3}},"locations":[{"start":{"line":387,"column":10},"end":{"line":391,"column":3}}]},"75":{"type":"branch","line":393,"loc":{"start":{"line":393,"column":9},"end":{"line":395,"column":3}},"locations":[{"start":{"line":393,"column":9},"end":{"line":395,"column":3}}]},"76":{"type":"branch","line":397,"loc":{"start":{"line":397,"column":10},"end":{"line":409,"column":3}},"locations":[{"start":{"line":397,"column":10},"end":{"line":409,"column":3}}]},"77":{"type":"branch","line":403,"loc":{"start":{"line":403,"column":53},"end":{"line":405,"column":5}},"locations":[{"start":{"line":403,"column":53},"end":{"line":405,"column":5}}]}},"b":{"0":[2],"1":[2],"2":[5],"3":[4],"4":[51],"5":[46],"6":[5],"7":[17],"8":[46],"9":[46],"10":[4],"11":[2],"12":[54],"13":[6],"14":[48],"15":[7],"16":[0],"17":[0],"18":[5],"19":[3],"20":[8],"21":[3],"22":[47],"23":[4],"24":[2],"25":[45],"26":[7],"27":[1],"28":[6],"29":[1],"30":[2],"31":[0],"32":[0],"33":[5],"34":[4],"35":[1],"36":[0],"37":[44],"38":[3],"39":[1],"40":[45],"41":[41],"42":[42],"43":[4],"44":[45],"45":[38],"46":[37],"47":[0],"48":[38],"49":[2],"50":[38],"51":[28],"52":[19],"53":[1],"54":[38],"55":[6],"56":[3],"57":[6],"58":[3],"59":[3],"60":[5],"61":[5],"62":[5],"63":[5],"64":[32],"65":[2],"66":[1],"67":[31],"68":[5],"69":[4],"70":[2],"71":[2],"72":[2],"73":[6],"74":[44],"75":[2],"76":[38],"77":[6]},"fnMap":{"0":{"name":"<instance_members_initializer>","decl":{"start":{"line":41,"column":0},"end":{"line":410,"column":1}},"loc":{"start":{"line":41,"column":0},"end":{"line":410,"column":1}},"line":41},"1":{"name":"CannonHttpJS","decl":{"start":{"line":52,"column":2},"end":{"line":55,"column":3}},"loc":{"start":{"line":52,"column":2},"end":{"line":55,"column":3}},"line":52},"2":{"name":"setCacheSize","decl":{"start":{"line":57,"column":9},"end":{"line":59,"column":3}},"loc":{"start":{"line":57,"column":9},"end":{"line":59,"column":3}},"line":57},"3":{"name":"setRetry","decl":{"start":{"line":61,"column":9},"end":{"line":63,"column":3}},"loc":{"start":{"line":61,"column":9},"end":{"line":63,"column":3}},"line":61},"4":{"name":"setCacheTime","decl":{"start":{"line":65,"column":9},"end":{"line":68,"column":3}},"loc":{"start":{"line":65,"column":9},"end":{"line":68,"column":3}},"line":65},"5":{"name":"setBaseUrl","decl":{"start":{"line":70,"column":9},"end":{"line":72,"column":3}},"loc":{"start":{"line":70,"column":9},"end":{"line":72,"column":3}},"line":70},"6":{"name":"clearRequestInterceptor","decl":{"start":{"line":74,"column":9},"end":{"line":78,"column":3}},"loc":{"start":{"line":74,"column":9},"end":{"line":78,"column":3}},"line":74},"7":{"name":"clearResoponseInterceptor","decl":{"start":{"line":80,"column":9},"end":{"line":84,"column":3}},"loc":{"start":{"line":80,"column":9},"end":{"line":84,"column":3}},"line":80},"8":{"name":"addRequestInterceptor","decl":{"start":{"line":86,"column":9},"end":{"line":88,"column":3}},"loc":{"start":{"line":86,"column":9},"end":{"line":88,"column":3}},"line":86},"9":{"name":"addResponseInterceptor","decl":{"start":{"line":90,"column":9},"end":{"line":92,"column":3}},"loc":{"start":{"line":90,"column":9},"end":{"line":92,"column":3}},"line":90},"10":{"name":"invalidateCache","decl":{"start":{"line":94,"column":9},"end":{"line":97,"column":3}},"loc":{"start":{"line":94,"column":9},"end":{"line":97,"column":3}},"line":94},"11":{"name":"kindOfObject","decl":{"start":{"line":99,"column":10},"end":{"line":107,"column":3}},"loc":{"start":{"line":99,"column":10},"end":{"line":107,"column":3}},"line":99},"12":{"name":"kindOfString","decl":{"start":{"line":109,"column":10},"end":{"line":111,"column":3}},"loc":{"start":{"line":109,"column":10},"end":{"line":111,"column":3}},"line":109},"13":{"name":"getOldestEntry","decl":{"start":{"line":123,"column":9},"end":{"line":133,"column":3}},"loc":{"start":{"line":123,"column":9},"end":{"line":133,"column":3}},"line":123},"14":{"name":"executeRequest","decl":{"start":{"line":135,"column":2},"end":{"line":315,"column":3}},"loc":{"start":{"line":135,"column":2},"end":{"line":315,"column":3}},"line":135},"15":{"name":"delay","decl":{"start":{"line":317,"column":2},"end":{"line":323,"column":3}},"loc":{"start":{"line":317,"column":2},"end":{"line":323,"column":3}},"line":317},"16":{"name":"calculateRetryDelay","decl":{"start":{"line":325,"column":10},"end":{"line":328,"column":3}},"loc":{"start":{"line":325,"column":10},"end":{"line":328,"column":3}},"line":325},"17":{"name":"get","decl":{"start":{"line":334,"column":9},"end":{"line":345,"column":3}},"loc":{"start":{"line":334,"column":9},"end":{"line":345,"column":3}},"line":334},"18":{"name":"post","decl":{"start":{"line":347,"column":2},"end":{"line":358,"column":3}},"loc":{"start":{"line":347,"column":2},"end":{"line":358,"column":3}},"line":347},"19":{"name":"put","decl":{"start":{"line":362,"column":9},"end":{"line":367,"column":3}},"loc":{"start":{"line":362,"column":9},"end":{"line":367,"column":3}},"line":362},"20":{"name":"patch","decl":{"start":{"line":369,"column":9},"end":{"line":374,"column":3}},"loc":{"start":{"line":369,"column":9},"end":{"line":374,"column":3}},"line":369},"21":{"name":"delete","decl":{"start":{"line":376,"column":9},"end":{"line":381,"column":3}},"loc":{"start":{"line":376,"column":9},"end":{"line":381,"column":3}},"line":376},"22":{"name":"setDefaultHeaders","decl":{"start":{"line":383,"column":9},"end":{"line":385,"column":3}},"loc":{"start":{"line":383,"column":9},"end":{"line":385,"column":3}},"line":383},"23":{"name":"applyDefaultHeaders","decl":{"start":{"line":387,"column":10},"end":{"line":391,"column":3}},"loc":{"start":{"line":387,"column":10},"end":{"line":391,"column":3}},"line":387},"24":{"name":"addResponseSanitizer","decl":{"start":{"line":393,"column":9},"end":{"line":395,"column":3}},"loc":{"start":{"line":393,"column":9},"end":{"line":395,"column":3}},"line":393},"25":{"name":"sanitizeResponseData","decl":{"start":{"line":397,"column":10},"end":{"line":409,"column":3}},"loc":{"start":{"line":397,"column":10},"end":{"line":409,"column":3}},"line":397}},"f":{"0":2,"1":2,"2":5,"3":4,"4":51,"5":17,"6":46,"7":46,"8":4,"9":2,"10":54,"11":7,"12":5,"13":3,"14":47,"15":5,"16":5,"17":32,"18":5,"19":2,"20":2,"21":2,"22":6,"23":44,"24":2,"25":38}}
}
