{"/Users/h2o/frontend/cannonHttpJS/src/main.ts": {"path":"/Users/h2o/frontend/cannonHttpJS/src/main.ts","all":false,"statementMap":{"0":{"start":{"line":1,"column":0},"end":{"line":1,"column":29}},"1":{"start":{"line":2,"column":0},"end":{"line":2,"column":0}},"2":{"start":{"line":3,"column":0},"end":{"line":3,"column":36}},"3":{"start":{"line":4,"column":0},"end":{"line":4,"column":12}},"4":{"start":{"line":5,"column":0},"end":{"line":5,"column":61}},"5":{"start":{"line":6,"column":0},"end":{"line":6,"column":53}},"6":{"start":{"line":7,"column":0},"end":{"line":7,"column":50}},"7":{"start":{"line":8,"column":0},"end":{"line":8,"column":6}},"8":{"start":{"line":9,"column":0},"end":{"line":9,"column":8}},"9":{"start":{"line":10,"column":0},"end":{"line":10,"column":27}},"10":{"start":{"line":11,"column":0},"end":{"line":11,"column":50}},"11":{"start":{"line":12,"column":0},"end":{"line":12,"column":1}},"12":{"start":{"line":13,"column":0},"end":{"line":13,"column":0}},"13":{"start":{"line":14,"column":0},"end":{"line":14,"column":43}},"14":{"start":{"line":15,"column":0},"end":{"line":15,"column":30}},"15":{"start":{"line":16,"column":0},"end":{"line":16,"column":35}},"16":{"start":{"line":17,"column":0},"end":{"line":17,"column":68}},"17":{"start":{"line":18,"column":0},"end":{"line":18,"column":31}},"18":{"start":{"line":19,"column":0},"end":{"line":19,"column":27}},"19":{"start":{"line":20,"column":0},"end":{"line":20,"column":48}},"20":{"start":{"line":21,"column":0},"end":{"line":21,"column":0}},"21":{"start":{"line":22,"column":0},"end":{"line":22,"column":65}},"22":{"start":{"line":23,"column":0},"end":{"line":23,"column":13}},"23":{"start":{"line":24,"column":0},"end":{"line":24,"column":35}},"24":{"start":{"line":25,"column":0},"end":{"line":25,"column":21}},"25":{"start":{"line":26,"column":0},"end":{"line":26,"column":43}},"26":{"start":{"line":27,"column":0},"end":{"line":27,"column":13}},"27":{"start":{"line":28,"column":0},"end":{"line":28,"column":29}},"28":{"start":{"line":29,"column":0},"end":{"line":29,"column":71}},"29":{"start":{"line":30,"column":0},"end":{"line":30,"column":55}},"30":{"start":{"line":31,"column":0},"end":{"line":31,"column":1}},"31":{"start":{"line":32,"column":0},"end":{"line":32,"column":0}},"32":{"start":{"line":33,"column":0},"end":{"line":33,"column":27}},"33":{"start":{"line":34,"column":0},"end":{"line":34,"column":17}},"34":{"start":{"line":35,"column":0},"end":{"line":35,"column":21}},"35":{"start":{"line":36,"column":0},"end":{"line":36,"column":19}},"36":{"start":{"line":37,"column":0},"end":{"line":37,"column":10}},"37":{"start":{"line":38,"column":0},"end":{"line":38,"column":1}},"38":{"start":{"line":39,"column":0},"end":{"line":39,"column":33}},"39":{"start":{"line":40,"column":0},"end":{"line":40,"column":38}},"40":{"start":{"line":41,"column":0},"end":{"line":41,"column":32}},"41":{"start":{"line":42,"column":0},"end":{"line":42,"column":75}},"42":{"start":{"line":43,"column":0},"end":{"line":43,"column":39}},"43":{"start":{"line":44,"column":0},"end":{"line":44,"column":60}},"44":{"start":{"line":45,"column":0},"end":{"line":45,"column":62}},"45":{"start":{"line":46,"column":0},"end":{"line":46,"column":54}},"46":{"start":{"line":47,"column":0},"end":{"line":47,"column":58}},"47":{"start":{"line":48,"column":0},"end":{"line":48,"column":31}},"48":{"start":{"line":49,"column":0},"end":{"line":49,"column":0}},"49":{"start":{"line":50,"column":0},"end":{"line":50,"column":17}},"50":{"start":{"line":51,"column":0},"end":{"line":51,"column":29}},"51":{"start":{"line":52,"column":0},"end":{"line":52,"column":27}},"52":{"start":{"line":53,"column":0},"end":{"line":53,"column":3}},"53":{"start":{"line":54,"column":0},"end":{"line":54,"column":0}},"54":{"start":{"line":55,"column":0},"end":{"line":55,"column":42}},"55":{"start":{"line":56,"column":0},"end":{"line":56,"column":31}},"56":{"start":{"line":57,"column":0},"end":{"line":57,"column":3}},"57":{"start":{"line":58,"column":0},"end":{"line":58,"column":0}},"58":{"start":{"line":59,"column":0},"end":{"line":59,"column":37}},"59":{"start":{"line":60,"column":0},"end":{"line":60,"column":29}},"60":{"start":{"line":61,"column":0},"end":{"line":61,"column":3}},"61":{"start":{"line":62,"column":0},"end":{"line":62,"column":0}},"62":{"start":{"line":63,"column":0},"end":{"line":63,"column":48}},"63":{"start":{"line":64,"column":0},"end":{"line":64,"column":31}},"64":{"start":{"line":65,"column":0},"end":{"line":65,"column":38}},"65":{"start":{"line":66,"column":0},"end":{"line":66,"column":3}},"66":{"start":{"line":67,"column":0},"end":{"line":67,"column":0}},"67":{"start":{"line":68,"column":0},"end":{"line":68,"column":44}},"68":{"start":{"line":69,"column":0},"end":{"line":69,"column":27}},"69":{"start":{"line":70,"column":0},"end":{"line":70,"column":3}},"70":{"start":{"line":71,"column":0},"end":{"line":71,"column":0}},"71":{"start":{"line":72,"column":0},"end":{"line":72,"column":71}},"72":{"start":{"line":73,"column":0},"end":{"line":73,"column":23}},"73":{"start":{"line":74,"column":0},"end":{"line":74,"column":36}},"74":{"start":{"line":75,"column":0},"end":{"line":75,"column":5}},"75":{"start":{"line":76,"column":0},"end":{"line":76,"column":3}},"76":{"start":{"line":77,"column":0},"end":{"line":77,"column":0}},"77":{"start":{"line":78,"column":0},"end":{"line":78,"column":74}},"78":{"start":{"line":79,"column":0},"end":{"line":79,"column":23}},"79":{"start":{"line":80,"column":0},"end":{"line":80,"column":37}},"80":{"start":{"line":81,"column":0},"end":{"line":81,"column":5}},"81":{"start":{"line":82,"column":0},"end":{"line":82,"column":3}},"82":{"start":{"line":83,"column":0},"end":{"line":83,"column":0}},"83":{"start":{"line":84,"column":0},"end":{"line":84,"column":74}},"84":{"start":{"line":85,"column":0},"end":{"line":85,"column":47}},"85":{"start":{"line":86,"column":0},"end":{"line":86,"column":3}},"86":{"start":{"line":87,"column":0},"end":{"line":87,"column":0}},"87":{"start":{"line":88,"column":0},"end":{"line":88,"column":76}},"88":{"start":{"line":89,"column":0},"end":{"line":89,"column":48}},"89":{"start":{"line":90,"column":0},"end":{"line":90,"column":3}},"90":{"start":{"line":91,"column":0},"end":{"line":91,"column":0}},"91":{"start":{"line":92,"column":0},"end":{"line":92,"column":46}},"92":{"start":{"line":93,"column":0},"end":{"line":93,"column":64}},"93":{"start":{"line":94,"column":0},"end":{"line":94,"column":28}},"94":{"start":{"line":95,"column":0},"end":{"line":95,"column":3}},"95":{"start":{"line":96,"column":0},"end":{"line":96,"column":0}},"96":{"start":{"line":97,"column":0},"end":{"line":97,"column":36}},"97":{"start":{"line":98,"column":0},"end":{"line":98,"column":31}},"98":{"start":{"line":99,"column":0},"end":{"line":99,"column":19}},"99":{"start":{"line":100,"column":0},"end":{"line":100,"column":32}},"100":{"start":{"line":101,"column":0},"end":{"line":101,"column":19}},"101":{"start":{"line":102,"column":0},"end":{"line":102,"column":12}},"102":{"start":{"line":103,"column":0},"end":{"line":103,"column":39}},"103":{"start":{"line":104,"column":0},"end":{"line":104,"column":5}},"104":{"start":{"line":105,"column":0},"end":{"line":105,"column":3}},"105":{"start":{"line":106,"column":0},"end":{"line":106,"column":0}},"106":{"start":{"line":107,"column":0},"end":{"line":107,"column":36}},"107":{"start":{"line":108,"column":0},"end":{"line":108,"column":37}},"108":{"start":{"line":109,"column":0},"end":{"line":109,"column":3}},"109":{"start":{"line":110,"column":0},"end":{"line":110,"column":0}},"110":{"start":{"line":111,"column":0},"end":{"line":111,"column":35}},"111":{"start":{"line":112,"column":0},"end":{"line":112,"column":50}},"112":{"start":{"line":113,"column":0},"end":{"line":113,"column":0}},"113":{"start":{"line":114,"column":0},"end":{"line":114,"column":37}},"114":{"start":{"line":115,"column":0},"end":{"line":115,"column":17}},"115":{"start":{"line":116,"column":0},"end":{"line":116,"column":81}},"116":{"start":{"line":117,"column":0},"end":{"line":117,"column":11}},"117":{"start":{"line":118,"column":0},"end":{"line":118,"column":9}},"118":{"start":{"line":119,"column":0},"end":{"line":119,"column":6}},"119":{"start":{"line":120,"column":0},"end":{"line":120,"column":0}},"120":{"start":{"line":121,"column":0},"end":{"line":121,"column":27}},"121":{"start":{"line":122,"column":0},"end":{"line":122,"column":36}},"122":{"start":{"line":123,"column":0},"end":{"line":123,"column":20}},"123":{"start":{"line":124,"column":0},"end":{"line":124,"column":43}},"124":{"start":{"line":125,"column":0},"end":{"line":125,"column":46}},"125":{"start":{"line":126,"column":0},"end":{"line":126,"column":42}},"126":{"start":{"line":127,"column":0},"end":{"line":127,"column":26}},"127":{"start":{"line":128,"column":0},"end":{"line":128,"column":7}},"128":{"start":{"line":129,"column":0},"end":{"line":129,"column":5}},"129":{"start":{"line":130,"column":0},"end":{"line":130,"column":23}},"130":{"start":{"line":131,"column":0},"end":{"line":131,"column":3}},"131":{"start":{"line":132,"column":0},"end":{"line":132,"column":0}},"132":{"start":{"line":133,"column":0},"end":{"line":133,"column":31}},"133":{"start":{"line":134,"column":0},"end":{"line":134,"column":38}},"134":{"start":{"line":135,"column":0},"end":{"line":135,"column":18}},"135":{"start":{"line":136,"column":0},"end":{"line":136,"column":31}},"136":{"start":{"line":137,"column":0},"end":{"line":137,"column":33}},"137":{"start":{"line":138,"column":0},"end":{"line":138,"column":57}},"138":{"start":{"line":139,"column":0},"end":{"line":139,"column":11}},"139":{"start":{"line":140,"column":0},"end":{"line":140,"column":43}},"140":{"start":{"line":141,"column":0},"end":{"line":141,"column":28}},"141":{"start":{"line":142,"column":0},"end":{"line":142,"column":72}},"142":{"start":{"line":143,"column":0},"end":{"line":143,"column":7}},"143":{"start":{"line":144,"column":0},"end":{"line":144,"column":5}},"144":{"start":{"line":145,"column":0},"end":{"line":145,"column":0}},"145":{"start":{"line":146,"column":0},"end":{"line":146,"column":11}},"146":{"start":{"line":147,"column":0},"end":{"line":147,"column":21}},"147":{"start":{"line":148,"column":0},"end":{"line":148,"column":15}},"148":{"start":{"line":149,"column":0},"end":{"line":149,"column":18}},"149":{"start":{"line":150,"column":0},"end":{"line":150,"column":11}},"150":{"start":{"line":151,"column":0},"end":{"line":151,"column":12}},"151":{"start":{"line":152,"column":0},"end":{"line":152,"column":18}},"152":{"start":{"line":153,"column":0},"end":{"line":153,"column":14}},"153":{"start":{"line":154,"column":0},"end":{"line":154,"column":16}},"154":{"start":{"line":155,"column":0},"end":{"line":155,"column":16}},"155":{"start":{"line":156,"column":0},"end":{"line":156,"column":11}},"156":{"start":{"line":157,"column":0},"end":{"line":157,"column":15}},"157":{"start":{"line":158,"column":0},"end":{"line":158,"column":15}},"158":{"start":{"line":159,"column":0},"end":{"line":159,"column":21}},"159":{"start":{"line":160,"column":0},"end":{"line":160,"column":13}},"160":{"start":{"line":161,"column":0},"end":{"line":161,"column":13}},"161":{"start":{"line":162,"column":0},"end":{"line":162,"column":11}},"162":{"start":{"line":163,"column":0},"end":{"line":163,"column":25}},"163":{"start":{"line":164,"column":0},"end":{"line":164,"column":14}},"164":{"start":{"line":165,"column":0},"end":{"line":165,"column":13}},"165":{"start":{"line":166,"column":0},"end":{"line":166,"column":15}},"166":{"start":{"line":167,"column":0},"end":{"line":167,"column":0}},"167":{"start":{"line":168,"column":0},"end":{"line":168,"column":50}},"168":{"start":{"line":169,"column":0},"end":{"line":169,"column":0}},"169":{"start":{"line":170,"column":0},"end":{"line":170,"column":40}},"170":{"start":{"line":171,"column":0},"end":{"line":171,"column":65}},"171":{"start":{"line":172,"column":0},"end":{"line":172,"column":6}},"172":{"start":{"line":173,"column":0},"end":{"line":173,"column":0}},"173":{"start":{"line":174,"column":0},"end":{"line":174,"column":41}},"174":{"start":{"line":175,"column":0},"end":{"line":175,"column":13}},"175":{"start":{"line":176,"column":0},"end":{"line":176,"column":12}},"176":{"start":{"line":177,"column":0},"end":{"line":177,"column":18}},"177":{"start":{"line":178,"column":0},"end":{"line":178,"column":16}},"178":{"start":{"line":179,"column":0},"end":{"line":179,"column":16}},"179":{"start":{"line":180,"column":0},"end":{"line":180,"column":11}},"180":{"start":{"line":181,"column":0},"end":{"line":181,"column":15}},"181":{"start":{"line":182,"column":0},"end":{"line":182,"column":15}},"182":{"start":{"line":183,"column":0},"end":{"line":183,"column":21}},"183":{"start":{"line":184,"column":0},"end":{"line":184,"column":13}},"184":{"start":{"line":185,"column":0},"end":{"line":185,"column":39}},"185":{"start":{"line":186,"column":0},"end":{"line":186,"column":11}},"186":{"start":{"line":187,"column":0},"end":{"line":187,"column":13}},"187":{"start":{"line":188,"column":0},"end":{"line":188,"column":6}},"188":{"start":{"line":189,"column":0},"end":{"line":189,"column":0}},"189":{"start":{"line":190,"column":0},"end":{"line":190,"column":50}},"190":{"start":{"line":191,"column":0},"end":{"line":191,"column":18}},"191":{"start":{"line":192,"column":0},"end":{"line":192,"column":53}},"192":{"start":{"line":193,"column":0},"end":{"line":193,"column":5}},"193":{"start":{"line":194,"column":0},"end":{"line":194,"column":0}},"194":{"start":{"line":195,"column":0},"end":{"line":195,"column":15}},"195":{"start":{"line":196,"column":0},"end":{"line":196,"column":37}},"196":{"start":{"line":197,"column":0},"end":{"line":197,"column":35}},"197":{"start":{"line":198,"column":0},"end":{"line":198,"column":14}},"198":{"start":{"line":199,"column":0},"end":{"line":199,"column":25}},"199":{"start":{"line":200,"column":0},"end":{"line":200,"column":42}},"200":{"start":{"line":201,"column":0},"end":{"line":201,"column":0}},"201":{"start":{"line":202,"column":0},"end":{"line":202,"column":35}},"202":{"start":{"line":203,"column":0},"end":{"line":203,"column":43}},"203":{"start":{"line":204,"column":0},"end":{"line":204,"column":38}},"204":{"start":{"line":205,"column":0},"end":{"line":205,"column":42}},"205":{"start":{"line":206,"column":0},"end":{"line":206,"column":47}},"206":{"start":{"line":207,"column":0},"end":{"line":207,"column":53}},"207":{"start":{"line":208,"column":0},"end":{"line":208,"column":56}},"208":{"start":{"line":209,"column":0},"end":{"line":209,"column":40}},"209":{"start":{"line":210,"column":0},"end":{"line":210,"column":59}},"210":{"start":{"line":211,"column":0},"end":{"line":211,"column":17}},"211":{"start":{"line":212,"column":0},"end":{"line":212,"column":22}},"212":{"start":{"line":213,"column":0},"end":{"line":213,"column":44}},"213":{"start":{"line":214,"column":0},"end":{"line":214,"column":15}},"214":{"start":{"line":215,"column":0},"end":{"line":215,"column":13}},"215":{"start":{"line":216,"column":0},"end":{"line":216,"column":11}},"216":{"start":{"line":217,"column":0},"end":{"line":217,"column":41}},"217":{"start":{"line":218,"column":0},"end":{"line":218,"column":9}},"218":{"start":{"line":219,"column":0},"end":{"line":219,"column":0}},"219":{"start":{"line":220,"column":0},"end":{"line":220,"column":26}},"220":{"start":{"line":221,"column":0},"end":{"line":221,"column":34}},"221":{"start":{"line":222,"column":0},"end":{"line":222,"column":62}},"222":{"start":{"line":223,"column":0},"end":{"line":223,"column":13}},"223":{"start":{"line":224,"column":0},"end":{"line":224,"column":40}},"224":{"start":{"line":225,"column":0},"end":{"line":225,"column":55}},"225":{"start":{"line":226,"column":0},"end":{"line":226,"column":11}},"226":{"start":{"line":227,"column":0},"end":{"line":227,"column":0}},"227":{"start":{"line":228,"column":0},"end":{"line":228,"column":40}},"228":{"start":{"line":229,"column":0},"end":{"line":229,"column":80}},"229":{"start":{"line":230,"column":0},"end":{"line":230,"column":0}},"230":{"start":{"line":231,"column":0},"end":{"line":231,"column":53}},"231":{"start":{"line":232,"column":0},"end":{"line":232,"column":53}},"232":{"start":{"line":233,"column":0},"end":{"line":233,"column":11}},"233":{"start":{"line":234,"column":0},"end":{"line":234,"column":9}},"234":{"start":{"line":235,"column":0},"end":{"line":235,"column":7}},"235":{"start":{"line":236,"column":0},"end":{"line":236,"column":5}},"236":{"start":{"line":237,"column":0},"end":{"line":237,"column":54}},"237":{"start":{"line":238,"column":0},"end":{"line":238,"column":54}},"238":{"start":{"line":239,"column":0},"end":{"line":239,"column":6}},"239":{"start":{"line":240,"column":0},"end":{"line":240,"column":0}},"240":{"start":{"line":241,"column":0},"end":{"line":241,"column":9}},"241":{"start":{"line":242,"column":0},"end":{"line":242,"column":29}},"242":{"start":{"line":243,"column":0},"end":{"line":243,"column":20}},"243":{"start":{"line":244,"column":0},"end":{"line":244,"column":69}},"244":{"start":{"line":245,"column":0},"end":{"line":245,"column":28}},"245":{"start":{"line":246,"column":0},"end":{"line":246,"column":36}},"246":{"start":{"line":247,"column":0},"end":{"line":247,"column":70}},"247":{"start":{"line":248,"column":0},"end":{"line":248,"column":22}},"248":{"start":{"line":249,"column":0},"end":{"line":249,"column":11}},"249":{"start":{"line":250,"column":0},"end":{"line":250,"column":0}},"250":{"start":{"line":251,"column":0},"end":{"line":251,"column":49}},"251":{"start":{"line":252,"column":0},"end":{"line":252,"column":26}},"252":{"start":{"line":253,"column":0},"end":{"line":253,"column":24}},"253":{"start":{"line":254,"column":0},"end":{"line":254,"column":10}},"254":{"start":{"line":255,"column":0},"end":{"line":255,"column":0}},"255":{"start":{"line":256,"column":0},"end":{"line":256,"column":70}},"256":{"start":{"line":257,"column":0},"end":{"line":257,"column":14}},"257":{"start":{"line":258,"column":0},"end":{"line":258,"column":78}},"258":{"start":{"line":259,"column":0},"end":{"line":259,"column":7}},"259":{"start":{"line":260,"column":0},"end":{"line":260,"column":0}},"260":{"start":{"line":261,"column":0},"end":{"line":261,"column":25}},"261":{"start":{"line":262,"column":0},"end":{"line":262,"column":73}},"262":{"start":{"line":263,"column":0},"end":{"line":263,"column":7}},"263":{"start":{"line":264,"column":0},"end":{"line":264,"column":0}},"264":{"start":{"line":265,"column":0},"end":{"line":265,"column":26}},"265":{"start":{"line":266,"column":0},"end":{"line":266,"column":63}},"266":{"start":{"line":267,"column":0},"end":{"line":267,"column":0}},"267":{"start":{"line":268,"column":0},"end":{"line":268,"column":68}},"268":{"start":{"line":269,"column":0},"end":{"line":269,"column":45}},"269":{"start":{"line":270,"column":0},"end":{"line":270,"column":14}},"270":{"start":{"line":271,"column":0},"end":{"line":271,"column":59}},"271":{"start":{"line":272,"column":0},"end":{"line":272,"column":7}},"272":{"start":{"line":273,"column":0},"end":{"line":273,"column":0}},"273":{"start":{"line":274,"column":0},"end":{"line":274,"column":68}},"274":{"start":{"line":275,"column":0},"end":{"line":275,"column":0}},"275":{"start":{"line":276,"column":0},"end":{"line":276,"column":48}},"276":{"start":{"line":277,"column":0},"end":{"line":277,"column":32}},"277":{"start":{"line":278,"column":0},"end":{"line":278,"column":40}},"278":{"start":{"line":279,"column":0},"end":{"line":279,"column":34}},"279":{"start":{"line":280,"column":0},"end":{"line":280,"column":28}},"280":{"start":{"line":281,"column":0},"end":{"line":281,"column":8}},"281":{"start":{"line":282,"column":0},"end":{"line":282,"column":0}},"282":{"start":{"line":283,"column":0},"end":{"line":283,"column":36}},"283":{"start":{"line":284,"column":0},"end":{"line":284,"column":60}},"284":{"start":{"line":285,"column":0},"end":{"line":285,"column":65}},"285":{"start":{"line":286,"column":0},"end":{"line":286,"column":7}},"286":{"start":{"line":287,"column":0},"end":{"line":287,"column":0}},"287":{"start":{"line":288,"column":0},"end":{"line":288,"column":51}},"288":{"start":{"line":289,"column":0},"end":{"line":289,"column":62}},"289":{"start":{"line":290,"column":0},"end":{"line":290,"column":41}},"290":{"start":{"line":291,"column":0},"end":{"line":291,"column":34}},"291":{"start":{"line":292,"column":0},"end":{"line":292,"column":32}},"292":{"start":{"line":293,"column":0},"end":{"line":293,"column":11}},"293":{"start":{"line":294,"column":0},"end":{"line":294,"column":47}},"294":{"start":{"line":295,"column":0},"end":{"line":295,"column":52}},"295":{"start":{"line":296,"column":0},"end":{"line":296,"column":58}},"296":{"start":{"line":297,"column":0},"end":{"line":297,"column":9}},"297":{"start":{"line":298,"column":0},"end":{"line":298,"column":7}},"298":{"start":{"line":299,"column":0},"end":{"line":299,"column":0}},"299":{"start":{"line":300,"column":0},"end":{"line":300,"column":31}},"300":{"start":{"line":301,"column":0},"end":{"line":301,"column":26}},"301":{"start":{"line":302,"column":0},"end":{"line":302,"column":39}},"302":{"start":{"line":303,"column":0},"end":{"line":303,"column":64}},"303":{"start":{"line":304,"column":0},"end":{"line":304,"column":37}},"304":{"start":{"line":305,"column":0},"end":{"line":305,"column":59}},"305":{"start":{"line":306,"column":0},"end":{"line":306,"column":7}},"306":{"start":{"line":307,"column":0},"end":{"line":307,"column":51}},"307":{"start":{"line":308,"column":0},"end":{"line":308,"column":0}},"308":{"start":{"line":309,"column":0},"end":{"line":309,"column":22}},"309":{"start":{"line":310,"column":0},"end":{"line":310,"column":71}},"310":{"start":{"line":311,"column":0},"end":{"line":311,"column":8}},"311":{"start":{"line":312,"column":0},"end":{"line":312,"column":5}},"312":{"start":{"line":313,"column":0},"end":{"line":313,"column":3}},"313":{"start":{"line":314,"column":0},"end":{"line":314,"column":0}},"314":{"start":{"line":315,"column":0},"end":{"line":315,"column":58}},"315":{"start":{"line":316,"column":0},"end":{"line":316,"column":37}},"316":{"start":{"line":317,"column":0},"end":{"line":317,"column":24}},"317":{"start":{"line":318,"column":0},"end":{"line":318,"column":18}},"318":{"start":{"line":319,"column":0},"end":{"line":319,"column":21}},"319":{"start":{"line":320,"column":0},"end":{"line":320,"column":7}},"320":{"start":{"line":321,"column":0},"end":{"line":321,"column":3}},"321":{"start":{"line":322,"column":0},"end":{"line":322,"column":0}},"322":{"start":{"line":323,"column":0},"end":{"line":323,"column":51}},"323":{"start":{"line":324,"column":0},"end":{"line":324,"column":26}},"324":{"start":{"line":325,"column":0},"end":{"line":325,"column":47}},"325":{"start":{"line":326,"column":0},"end":{"line":326,"column":3}},"326":{"start":{"line":327,"column":0},"end":{"line":327,"column":0}},"327":{"start":{"line":328,"column":0},"end":{"line":328,"column":80}},"328":{"start":{"line":329,"column":0},"end":{"line":329,"column":42}},"329":{"start":{"line":330,"column":0},"end":{"line":330,"column":6}},"330":{"start":{"line":331,"column":0},"end":{"line":331,"column":0}},"331":{"start":{"line":332,"column":0},"end":{"line":332,"column":13}},"332":{"start":{"line":333,"column":0},"end":{"line":333,"column":16}},"333":{"start":{"line":334,"column":0},"end":{"line":334,"column":71}},"334":{"start":{"line":335,"column":0},"end":{"line":335,"column":31}},"335":{"start":{"line":336,"column":0},"end":{"line":336,"column":74}},"336":{"start":{"line":337,"column":0},"end":{"line":337,"column":0}},"337":{"start":{"line":338,"column":0},"end":{"line":338,"column":64}},"338":{"start":{"line":339,"column":0},"end":{"line":339,"column":67}},"339":{"start":{"line":340,"column":0},"end":{"line":340,"column":49}},"340":{"start":{"line":341,"column":0},"end":{"line":341,"column":5}},"341":{"start":{"line":342,"column":0},"end":{"line":342,"column":66}},"342":{"start":{"line":343,"column":0},"end":{"line":343,"column":3}},"343":{"start":{"line":344,"column":0},"end":{"line":344,"column":0}},"344":{"start":{"line":345,"column":0},"end":{"line":345,"column":20}},"345":{"start":{"line":346,"column":0},"end":{"line":346,"column":16}},"346":{"start":{"line":347,"column":0},"end":{"line":347,"column":71}},"347":{"start":{"line":348,"column":0},"end":{"line":348,"column":31}},"348":{"start":{"line":349,"column":0},"end":{"line":349,"column":48}},"349":{"start":{"line":350,"column":0},"end":{"line":350,"column":16}},"350":{"start":{"line":351,"column":0},"end":{"line":351,"column":10}},"351":{"start":{"line":352,"column":0},"end":{"line":352,"column":21}},"352":{"start":{"line":353,"column":0},"end":{"line":353,"column":7}},"353":{"start":{"line":354,"column":0},"end":{"line":354,"column":30}},"354":{"start":{"line":355,"column":0},"end":{"line":355,"column":20}},"355":{"start":{"line":356,"column":0},"end":{"line":356,"column":3}},"356":{"start":{"line":357,"column":0},"end":{"line":357,"column":0}},"357":{"start":{"line":358,"column":0},"end":{"line":358,"column":64}},"358":{"start":{"line":359,"column":0},"end":{"line":359,"column":0}},"359":{"start":{"line":360,"column":0},"end":{"line":360,"column":13}},"360":{"start":{"line":361,"column":0},"end":{"line":361,"column":16}},"361":{"start":{"line":362,"column":0},"end":{"line":362,"column":71}},"362":{"start":{"line":363,"column":0},"end":{"line":363,"column":31}},"363":{"start":{"line":364,"column":0},"end":{"line":364,"column":66}},"364":{"start":{"line":365,"column":0},"end":{"line":365,"column":3}},"365":{"start":{"line":366,"column":0},"end":{"line":366,"column":0}},"366":{"start":{"line":367,"column":0},"end":{"line":367,"column":15}},"367":{"start":{"line":368,"column":0},"end":{"line":368,"column":16}},"368":{"start":{"line":369,"column":0},"end":{"line":369,"column":71}},"369":{"start":{"line":370,"column":0},"end":{"line":370,"column":31}},"370":{"start":{"line":371,"column":0},"end":{"line":371,"column":68}},"371":{"start":{"line":372,"column":0},"end":{"line":372,"column":3}},"372":{"start":{"line":373,"column":0},"end":{"line":373,"column":0}},"373":{"start":{"line":374,"column":0},"end":{"line":374,"column":16}},"374":{"start":{"line":375,"column":0},"end":{"line":375,"column":16}},"375":{"start":{"line":376,"column":0},"end":{"line":376,"column":71}},"376":{"start":{"line":377,"column":0},"end":{"line":377,"column":31}},"377":{"start":{"line":378,"column":0},"end":{"line":378,"column":69}},"378":{"start":{"line":379,"column":0},"end":{"line":379,"column":3}},"379":{"start":{"line":380,"column":0},"end":{"line":380,"column":0}},"380":{"start":{"line":381,"column":0},"end":{"line":381,"column":67}},"381":{"start":{"line":382,"column":0},"end":{"line":382,"column":65}},"382":{"start":{"line":383,"column":0},"end":{"line":383,"column":3}},"383":{"start":{"line":384,"column":0},"end":{"line":384,"column":0}},"384":{"start":{"line":385,"column":0},"end":{"line":385,"column":30}},"385":{"start":{"line":386,"column":0},"end":{"line":386,"column":35}},"386":{"start":{"line":387,"column":0},"end":{"line":387,"column":29}},"387":{"start":{"line":388,"column":0},"end":{"line":388,"column":50}},"388":{"start":{"line":389,"column":0},"end":{"line":389,"column":3}},"389":{"start":{"line":390,"column":0},"end":{"line":390,"column":0}},"390":{"start":{"line":391,"column":0},"end":{"line":391,"column":70}},"391":{"start":{"line":392,"column":0},"end":{"line":392,"column":44}},"392":{"start":{"line":393,"column":0},"end":{"line":393,"column":3}},"393":{"start":{"line":394,"column":0},"end":{"line":394,"column":0}},"394":{"start":{"line":395,"column":0},"end":{"line":395,"column":48}},"395":{"start":{"line":396,"column":0},"end":{"line":396,"column":71}},"396":{"start":{"line":397,"column":0},"end":{"line":397,"column":10}},"397":{"start":{"line":398,"column":0},"end":{"line":398,"column":0}},"398":{"start":{"line":399,"column":0},"end":{"line":399,"column":43}},"399":{"start":{"line":400,"column":0},"end":{"line":400,"column":29}},"400":{"start":{"line":401,"column":0},"end":{"line":401,"column":54}},"401":{"start":{"line":402,"column":0},"end":{"line":402,"column":47}},"402":{"start":{"line":403,"column":0},"end":{"line":403,"column":5}},"403":{"start":{"line":404,"column":0},"end":{"line":404,"column":0}},"404":{"start":{"line":405,"column":0},"end":{"line":405,"column":32}},"405":{"start":{"line":406,"column":0},"end":{"line":406,"column":25}},"406":{"start":{"line":407,"column":0},"end":{"line":407,"column":3}},"407":{"start":{"line":408,"column":0},"end":{"line":408,"column":1}},"408":{"start":{"line":409,"column":0},"end":{"line":409,"column":69}},"409":{"start":{"line":410,"column":0},"end":{"line":410,"column":34}}},"s":{"0":1,"1":1,"2":1,"3":1,"4":1,"5":18,"6":18,"7":18,"8":1,"9":1,"10":1,"11":1,"12":1,"13":1,"14":1,"15":1,"16":1,"17":1,"18":1,"19":1,"20":1,"21":1,"22":1,"23":1,"24":1,"25":1,"26":1,"27":1,"28":1,"29":1,"30":1,"31":1,"32":1,"33":1,"34":1,"35":1,"36":1,"37":1,"38":2,"39":2,"40":2,"41":2,"42":2,"43":2,"44":2,"45":2,"46":2,"47":2,"48":2,"49":2,"50":2,"51":2,"52":2,"53":2,"54":2,"55":5,"56":5,"57":2,"58":2,"59":4,"60":4,"61":2,"62":2,"63":51,"64":5,"65":51,"66":2,"67":2,"68":17,"69":17,"70":2,"71":2,"72":46,"73":46,"74":46,"75":46,"76":2,"77":2,"78":46,"79":46,"80":46,"81":46,"82":2,"83":2,"84":4,"85":4,"86":2,"87":2,"88":2,"89":2,"90":2,"91":2,"92":49,"93":47,"94":49,"95":2,"96":2,"97":7,"98":0,"99":7,"100":0,"101":7,"102":7,"103":7,"104":7,"105":2,"106":2,"107":5,"108":5,"109":2,"110":2,"111":2,"112":2,"113":2,"114":2,"115":2,"116":2,"117":2,"118":2,"119":2,"120":2,"121":0,"122":0,"123":0,"124":0,"125":0,"126":0,"127":0,"128":0,"129":0,"130":0,"131":2,"132":2,"133":47,"134":47,"135":47,"136":47,"137":47,"138":4,"139":4,"140":2,"141":2,"142":2,"143":4,"144":45,"145":45,"146":45,"147":45,"148":45,"149":45,"150":45,"151":45,"152":45,"153":45,"154":45,"155":45,"156":45,"157":45,"158":45,"159":45,"160":45,"161":45,"162":45,"163":45,"164":45,"165":45,"166":45,"167":45,"168":45,"169":45,"170":6,"171":45,"172":45,"173":45,"174":45,"175":45,"176":45,"177":45,"178":45,"179":45,"180":45,"181":45,"182":45,"183":45,"184":45,"185":45,"186":45,"187":45,"188":45,"189":45,"190":45,"191":45,"192":45,"193":45,"194":47,"195":7,"196":1,"197":7,"198":6,"199":1,"200":1,"201":1,"202":2,"203":2,"204":2,"205":0,"206":2,"207":0,"208":0,"209":0,"210":0,"211":2,"212":2,"213":2,"214":2,"215":2,"216":1,"217":1,"218":6,"219":6,"220":5,"221":5,"222":5,"223":5,"224":4,"225":4,"226":5,"227":5,"228":1,"229":1,"230":1,"231":1,"232":1,"233":5,"234":6,"235":7,"236":44,"237":44,"238":44,"239":44,"240":44,"241":44,"242":47,"243":3,"244":3,"245":3,"246":3,"247":3,"248":3,"249":3,"250":3,"251":3,"252":3,"253":3,"254":3,"255":3,"256":47,"257":41,"258":13,"259":13,"260":19,"261":0,"262":0,"263":13,"264":13,"265":13,"266":13,"267":47,"268":1,"269":19,"270":12,"271":12,"272":13,"273":13,"274":13,"275":13,"276":13,"277":13,"278":13,"279":13,"280":13,"281":13,"282":13,"283":19,"284":1,"285":1,"286":13,"287":47,"288":0,"289":0,"290":0,"291":0,"292":0,"293":0,"294":0,"295":0,"296":0,"297":0,"298":13,"299":13,"300":47,"301":31,"302":9,"303":9,"304":9,"305":9,"306":22,"307":22,"308":22,"309":22,"310":22,"311":22,"312":47,"313":2,"314":2,"315":11,"316":11,"317":11,"318":11,"319":11,"320":11,"321":2,"322":2,"323":11,"324":11,"325":11,"326":2,"327":2,"328":2,"329":2,"330":2,"331":2,"332":25,"333":25,"334":25,"335":25,"336":25,"337":25,"338":0,"339":0,"340":0,"341":25,"342":25,"343":2,"344":2,"345":5,"346":5,"347":5,"348":5,"349":5,"350":5,"351":5,"352":5,"353":1,"354":1,"355":5,"356":2,"357":2,"358":2,"359":2,"360":2,"361":2,"362":2,"363":2,"364":2,"365":2,"366":2,"367":2,"368":2,"369":2,"370":2,"371":2,"372":2,"373":2,"374":2,"375":2,"376":2,"377":2,"378":2,"379":2,"380":2,"381":6,"382":6,"383":2,"384":2,"385":44,"386":44,"387":44,"388":44,"389":2,"390":2,"391":2,"392":2,"393":2,"394":2,"395":13,"396":13,"397":13,"398":13,"399":13,"400":13,"401":1,"402":1,"403":13,"404":13,"405":13,"406":13,"407":2,"408":1,"409":1},"branchMap":{"0":{"type":"branch","line":3,"loc":{"start":{"line":3,"column":35},"end":{"line":12,"column":1}},"locations":[{"start":{"line":3,"column":35},"end":{"line":12,"column":1}}]},"1":{"type":"branch","line":5,"loc":{"start":{"line":5,"column":24},"end":{"line":8,"column":6}},"locations":[{"start":{"line":5,"column":24},"end":{"line":8,"column":6}}]},"2":{"type":"branch","line":6,"loc":{"start":{"line":6,"column":30},"end":{"line":7,"column":50}},"locations":[{"start":{"line":6,"column":30},"end":{"line":7,"column":50}}]},"3":{"type":"branch","line":39,"loc":{"start":{"line":39,"column":0},"end":{"line":408,"column":1}},"locations":[{"start":{"line":39,"column":0},"end":{"line":408,"column":1}}]},"4":{"type":"branch","line":50,"loc":{"start":{"line":50,"column":2},"end":{"line":53,"column":3}},"locations":[{"start":{"line":50,"column":2},"end":{"line":53,"column":3}}]},"5":{"type":"branch","line":55,"loc":{"start":{"line":55,"column":9},"end":{"line":57,"column":3}},"locations":[{"start":{"line":55,"column":9},"end":{"line":57,"column":3}}]},"6":{"type":"branch","line":59,"loc":{"start":{"line":59,"column":9},"end":{"line":61,"column":3}},"locations":[{"start":{"line":59,"column":9},"end":{"line":61,"column":3}}]},"7":{"type":"branch","line":63,"loc":{"start":{"line":63,"column":9},"end":{"line":66,"column":3}},"locations":[{"start":{"line":63,"column":9},"end":{"line":66,"column":3}}]},"8":{"type":"branch","line":64,"loc":{"start":{"line":64,"column":24},"end":{"line":64,"column":31}},"locations":[{"start":{"line":64,"column":24},"end":{"line":64,"column":31}}]},"9":{"type":"branch","line":64,"loc":{"start":{"line":64,"column":24},"end":{"line":65,"column":38}},"locations":[{"start":{"line":64,"column":24},"end":{"line":65,"column":38}}]},"10":{"type":"branch","line":68,"loc":{"start":{"line":68,"column":9},"end":{"line":70,"column":3}},"locations":[{"start":{"line":68,"column":9},"end":{"line":70,"column":3}}]},"11":{"type":"branch","line":72,"loc":{"start":{"line":72,"column":9},"end":{"line":76,"column":3}},"locations":[{"start":{"line":72,"column":9},"end":{"line":76,"column":3}}]},"12":{"type":"branch","line":78,"loc":{"start":{"line":78,"column":9},"end":{"line":82,"column":3}},"locations":[{"start":{"line":78,"column":9},"end":{"line":82,"column":3}}]},"13":{"type":"branch","line":84,"loc":{"start":{"line":84,"column":9},"end":{"line":86,"column":3}},"locations":[{"start":{"line":84,"column":9},"end":{"line":86,"column":3}}]},"14":{"type":"branch","line":88,"loc":{"start":{"line":88,"column":9},"end":{"line":90,"column":3}},"locations":[{"start":{"line":88,"column":9},"end":{"line":90,"column":3}}]},"15":{"type":"branch","line":92,"loc":{"start":{"line":92,"column":9},"end":{"line":95,"column":3}},"locations":[{"start":{"line":92,"column":9},"end":{"line":95,"column":3}}]},"16":{"type":"branch","line":93,"loc":{"start":{"line":93,"column":13},"end":{"line":93,"column":64}},"locations":[{"start":{"line":93,"column":13},"end":{"line":93,"column":64}}]},"17":{"type":"branch","line":93,"loc":{"start":{"line":93,"column":62},"end":{"line":94,"column":28}},"locations":[{"start":{"line":93,"column":62},"end":{"line":94,"column":28}}]},"18":{"type":"branch","line":97,"loc":{"start":{"line":97,"column":10},"end":{"line":105,"column":3}},"locations":[{"start":{"line":97,"column":10},"end":{"line":105,"column":3}}]},"19":{"type":"branch","line":98,"loc":{"start":{"line":98,"column":30},"end":{"line":100,"column":15}},"locations":[{"start":{"line":98,"column":30},"end":{"line":100,"column":15}}]},"20":{"type":"branch","line":100,"loc":{"start":{"line":100,"column":31},"end":{"line":102,"column":11}},"locations":[{"start":{"line":100,"column":31},"end":{"line":102,"column":11}}]},"21":{"type":"branch","line":107,"loc":{"start":{"line":107,"column":10},"end":{"line":109,"column":3}},"locations":[{"start":{"line":107,"column":10},"end":{"line":109,"column":3}}]},"22":{"type":"branch","line":133,"loc":{"start":{"line":133,"column":2},"end":{"line":313,"column":3}},"locations":[{"start":{"line":133,"column":2},"end":{"line":313,"column":3}}]},"23":{"type":"branch","line":138,"loc":{"start":{"line":138,"column":56},"end":{"line":144,"column":5}},"locations":[{"start":{"line":138,"column":56},"end":{"line":144,"column":5}}]},"24":{"type":"branch","line":140,"loc":{"start":{"line":140,"column":41},"end":{"line":143,"column":7}},"locations":[{"start":{"line":140,"column":41},"end":{"line":143,"column":7}}]},"25":{"type":"branch","line":144,"loc":{"start":{"line":144,"column":4},"end":{"line":195,"column":14}},"locations":[{"start":{"line":144,"column":4},"end":{"line":195,"column":14}}]},"26":{"type":"branch","line":195,"loc":{"start":{"line":195,"column":14},"end":{"line":236,"column":5}},"locations":[{"start":{"line":195,"column":14},"end":{"line":236,"column":5}}]},"27":{"type":"branch","line":196,"loc":{"start":{"line":196,"column":36},"end":{"line":198,"column":13}},"locations":[{"start":{"line":196,"column":36},"end":{"line":198,"column":13}}]},"28":{"type":"branch","line":198,"loc":{"start":{"line":198,"column":6},"end":{"line":235,"column":7}},"locations":[{"start":{"line":198,"column":6},"end":{"line":235,"column":7}}]},"29":{"type":"branch","line":199,"loc":{"start":{"line":199,"column":24},"end":{"line":218,"column":9}},"locations":[{"start":{"line":199,"column":24},"end":{"line":218,"column":9}}]},"30":{"type":"branch","line":202,"loc":{"start":{"line":202,"column":34},"end":{"line":216,"column":11}},"locations":[{"start":{"line":202,"column":34},"end":{"line":216,"column":11}}]},"31":{"type":"branch","line":205,"loc":{"start":{"line":205,"column":41},"end":{"line":207,"column":25}},"locations":[{"start":{"line":205,"column":41},"end":{"line":207,"column":25}}]},"32":{"type":"branch","line":207,"loc":{"start":{"line":207,"column":52},"end":{"line":212,"column":21}},"locations":[{"start":{"line":207,"column":52},"end":{"line":212,"column":21}}]},"33":{"type":"branch","line":220,"loc":{"start":{"line":220,"column":25},"end":{"line":234,"column":9}},"locations":[{"start":{"line":220,"column":25},"end":{"line":234,"column":9}}]},"34":{"type":"branch","line":224,"loc":{"start":{"line":224,"column":39},"end":{"line":226,"column":11}},"locations":[{"start":{"line":224,"column":39},"end":{"line":226,"column":11}}]},"35":{"type":"branch","line":228,"loc":{"start":{"line":228,"column":39},"end":{"line":233,"column":11}},"locations":[{"start":{"line":228,"column":39},"end":{"line":233,"column":11}}]},"36":{"type":"branch","line":229,"loc":{"start":{"line":229,"column":53},"end":{"line":229,"column":80}},"locations":[{"start":{"line":229,"column":53},"end":{"line":229,"column":80}}]},"37":{"type":"branch","line":236,"loc":{"start":{"line":236,"column":4},"end":{"line":243,"column":19}},"locations":[{"start":{"line":236,"column":4},"end":{"line":243,"column":19}}]},"38":{"type":"branch","line":243,"loc":{"start":{"line":243,"column":19},"end":{"line":257,"column":13}},"locations":[{"start":{"line":243,"column":19},"end":{"line":257,"column":13}}]},"39":{"type":"branch","line":256,"loc":{"start":{"line":256,"column":68},"end":{"line":257,"column":13}},"locations":[{"start":{"line":256,"column":68},"end":{"line":257,"column":13}}]},"40":{"type":"branch","line":257,"loc":{"start":{"line":257,"column":6},"end":{"line":259,"column":7}},"locations":[{"start":{"line":257,"column":6},"end":{"line":259,"column":7}}]},"41":{"type":"branch","line":258,"loc":{"start":{"line":258,"column":76},"end":{"line":259,"column":7}},"locations":[{"start":{"line":258,"column":76},"end":{"line":259,"column":7}}]},"42":{"type":"branch","line":259,"loc":{"start":{"line":259,"column":6},"end":{"line":268,"column":67}},"locations":[{"start":{"line":259,"column":6},"end":{"line":268,"column":67}}]},"43":{"type":"branch","line":259,"loc":{"start":{"line":259,"column":6},"end":{"line":261,"column":24}},"locations":[{"start":{"line":259,"column":6},"end":{"line":261,"column":24}}]},"44":{"type":"branch","line":261,"loc":{"start":{"line":261,"column":24},"end":{"line":263,"column":7}},"locations":[{"start":{"line":261,"column":24},"end":{"line":263,"column":7}}]},"45":{"type":"branch","line":263,"loc":{"start":{"line":263,"column":6},"end":{"line":268,"column":25}},"locations":[{"start":{"line":263,"column":6},"end":{"line":268,"column":25}}]},"46":{"type":"branch","line":268,"loc":{"start":{"line":268,"column":10},"end":{"line":268,"column":67}},"locations":[{"start":{"line":268,"column":10},"end":{"line":268,"column":67}}]},"47":{"type":"branch","line":268,"loc":{"start":{"line":268,"column":67},"end":{"line":288,"column":50}},"locations":[{"start":{"line":268,"column":67},"end":{"line":288,"column":50}}]},"48":{"type":"branch","line":268,"loc":{"start":{"line":268,"column":67},"end":{"line":270,"column":13}},"locations":[{"start":{"line":268,"column":67},"end":{"line":270,"column":13}}]},"49":{"type":"branch","line":270,"loc":{"start":{"line":270,"column":6},"end":{"line":272,"column":7}},"locations":[{"start":{"line":270,"column":6},"end":{"line":272,"column":7}}]},"50":{"type":"branch","line":272,"loc":{"start":{"line":272,"column":6},"end":{"line":284,"column":59}},"locations":[{"start":{"line":272,"column":6},"end":{"line":284,"column":59}}]},"51":{"type":"branch","line":284,"loc":{"start":{"line":284,"column":59},"end":{"line":286,"column":7}},"locations":[{"start":{"line":284,"column":59},"end":{"line":286,"column":7}}]},"52":{"type":"branch","line":286,"loc":{"start":{"line":286,"column":6},"end":{"line":288,"column":30}},"locations":[{"start":{"line":286,"column":6},"end":{"line":288,"column":30}}]},"53":{"type":"branch","line":288,"loc":{"start":{"line":288,"column":21},"end":{"line":288,"column":50}},"locations":[{"start":{"line":288,"column":21},"end":{"line":288,"column":50}}]},"54":{"type":"branch","line":288,"loc":{"start":{"line":288,"column":50},"end":{"line":301,"column":13}},"locations":[{"start":{"line":288,"column":50},"end":{"line":301,"column":13}}]},"55":{"type":"branch","line":288,"loc":{"start":{"line":288,"column":50},"end":{"line":298,"column":7}},"locations":[{"start":{"line":288,"column":50},"end":{"line":298,"column":7}}]},"56":{"type":"branch","line":298,"loc":{"start":{"line":298,"column":6},"end":{"line":301,"column":13}},"locations":[{"start":{"line":298,"column":6},"end":{"line":301,"column":13}}]},"57":{"type":"branch","line":301,"loc":{"start":{"line":301,"column":4},"end":{"line":312,"column":5}},"locations":[{"start":{"line":301,"column":4},"end":{"line":312,"column":5}}]},"58":{"type":"branch","line":302,"loc":{"start":{"line":302,"column":38},"end":{"line":306,"column":7}},"locations":[{"start":{"line":302,"column":38},"end":{"line":306,"column":7}}]},"59":{"type":"branch","line":306,"loc":{"start":{"line":306,"column":6},"end":{"line":312,"column":5}},"locations":[{"start":{"line":306,"column":6},"end":{"line":312,"column":5}}]},"60":{"type":"branch","line":170,"loc":{"start":{"line":170,"column":32},"end":{"line":171,"column":65}},"locations":[{"start":{"line":170,"column":32},"end":{"line":171,"column":65}}]},"61":{"type":"branch","line":244,"loc":{"start":{"line":244,"column":53},"end":{"line":249,"column":9}},"locations":[{"start":{"line":244,"column":53},"end":{"line":249,"column":9}}]},"62":{"type":"branch","line":245,"loc":{"start":{"line":245,"column":21},"end":{"line":248,"column":13}},"locations":[{"start":{"line":245,"column":21},"end":{"line":248,"column":13}}]},"63":{"type":"branch","line":315,"loc":{"start":{"line":315,"column":2},"end":{"line":321,"column":3}},"locations":[{"start":{"line":315,"column":2},"end":{"line":321,"column":3}}]},"64":{"type":"branch","line":316,"loc":{"start":{"line":316,"column":23},"end":{"line":320,"column":5}},"locations":[{"start":{"line":316,"column":23},"end":{"line":320,"column":5}}]},"65":{"type":"branch","line":317,"loc":{"start":{"line":317,"column":17},"end":{"line":319,"column":9}},"locations":[{"start":{"line":317,"column":17},"end":{"line":319,"column":9}}]},"66":{"type":"branch","line":323,"loc":{"start":{"line":323,"column":10},"end":{"line":326,"column":3}},"locations":[{"start":{"line":323,"column":10},"end":{"line":326,"column":3}}]},"67":{"type":"branch","line":332,"loc":{"start":{"line":332,"column":9},"end":{"line":343,"column":3}},"locations":[{"start":{"line":332,"column":9},"end":{"line":343,"column":3}}]},"68":{"type":"branch","line":338,"loc":{"start":{"line":338,"column":8},"end":{"line":338,"column":63}},"locations":[{"start":{"line":338,"column":8},"end":{"line":338,"column":63}}]},"69":{"type":"branch","line":338,"loc":{"start":{"line":338,"column":63},"end":{"line":341,"column":5}},"locations":[{"start":{"line":338,"column":63},"end":{"line":341,"column":5}}]},"70":{"type":"branch","line":345,"loc":{"start":{"line":345,"column":2},"end":{"line":356,"column":3}},"locations":[{"start":{"line":345,"column":2},"end":{"line":356,"column":3}}]},"71":{"type":"branch","line":353,"loc":{"start":{"line":353,"column":5},"end":{"line":355,"column":20}},"locations":[{"start":{"line":353,"column":5},"end":{"line":355,"column":20}}]},"72":{"type":"branch","line":360,"loc":{"start":{"line":360,"column":9},"end":{"line":365,"column":3}},"locations":[{"start":{"line":360,"column":9},"end":{"line":365,"column":3}}]},"73":{"type":"branch","line":367,"loc":{"start":{"line":367,"column":9},"end":{"line":372,"column":3}},"locations":[{"start":{"line":367,"column":9},"end":{"line":372,"column":3}}]},"74":{"type":"branch","line":374,"loc":{"start":{"line":374,"column":9},"end":{"line":379,"column":3}},"locations":[{"start":{"line":374,"column":9},"end":{"line":379,"column":3}}]},"75":{"type":"branch","line":381,"loc":{"start":{"line":381,"column":9},"end":{"line":383,"column":3}},"locations":[{"start":{"line":381,"column":9},"end":{"line":383,"column":3}}]},"76":{"type":"branch","line":385,"loc":{"start":{"line":385,"column":10},"end":{"line":389,"column":3}},"locations":[{"start":{"line":385,"column":10},"end":{"line":389,"column":3}}]},"77":{"type":"branch","line":391,"loc":{"start":{"line":391,"column":9},"end":{"line":393,"column":3}},"locations":[{"start":{"line":391,"column":9},"end":{"line":393,"column":3}}]},"78":{"type":"branch","line":395,"loc":{"start":{"line":395,"column":10},"end":{"line":407,"column":3}},"locations":[{"start":{"line":395,"column":10},"end":{"line":407,"column":3}}]},"79":{"type":"branch","line":401,"loc":{"start":{"line":401,"column":53},"end":{"line":403,"column":5}},"locations":[{"start":{"line":401,"column":53},"end":{"line":403,"column":5}}]}},"b":{"0":[1],"1":[18],"2":[18],"3":[2],"4":[2],"5":[5],"6":[4],"7":[51],"8":[46],"9":[5],"10":[17],"11":[46],"12":[46],"13":[4],"14":[2],"15":[49],"16":[2],"17":[47],"18":[7],"19":[0],"20":[0],"21":[5],"22":[47],"23":[4],"24":[2],"25":[45],"26":[7],"27":[1],"28":[6],"29":[1],"30":[2],"31":[0],"32":[0],"33":[5],"34":[4],"35":[1],"36":[0],"37":[44],"38":[3],"39":[0],"40":[41],"41":[13],"42":[19],"43":[13],"44":[0],"45":[13],"46":[1],"47":[19],"48":[1],"49":[12],"50":[13],"51":[1],"52":[13],"53":[9],"54":[19],"55":[0],"56":[13],"57":[31],"58":[9],"59":[22],"60":[6],"61":[3],"62":[3],"63":[11],"64":[11],"65":[11],"66":[11],"67":[25],"68":[0],"69":[0],"70":[5],"71":[1],"72":[2],"73":[2],"74":[2],"75":[6],"76":[44],"77":[2],"78":[13],"79":[1]},"fnMap":{"0":{"name":"fetchImplementation","decl":{"start":{"line":5,"column":24},"end":{"line":8,"column":6}},"loc":{"start":{"line":5,"column":24},"end":{"line":8,"column":6}},"line":5},"1":{"name":"<instance_members_initializer>","decl":{"start":{"line":39,"column":0},"end":{"line":408,"column":1}},"loc":{"start":{"line":39,"column":0},"end":{"line":408,"column":1}},"line":39},"2":{"name":"CannonHttpJS","decl":{"start":{"line":50,"column":2},"end":{"line":53,"column":3}},"loc":{"start":{"line":50,"column":2},"end":{"line":53,"column":3}},"line":50},"3":{"name":"setCacheSize","decl":{"start":{"line":55,"column":9},"end":{"line":57,"column":3}},"loc":{"start":{"line":55,"column":9},"end":{"line":57,"column":3}},"line":55},"4":{"name":"setRetry","decl":{"start":{"line":59,"column":9},"end":{"line":61,"column":3}},"loc":{"start":{"line":59,"column":9},"end":{"line":61,"column":3}},"line":59},"5":{"name":"setCacheTime","decl":{"start":{"line":63,"column":9},"end":{"line":66,"column":3}},"loc":{"start":{"line":63,"column":9},"end":{"line":66,"column":3}},"line":63},"6":{"name":"setBaseUrl","decl":{"start":{"line":68,"column":9},"end":{"line":70,"column":3}},"loc":{"start":{"line":68,"column":9},"end":{"line":70,"column":3}},"line":68},"7":{"name":"clearRequestInterceptor","decl":{"start":{"line":72,"column":9},"end":{"line":76,"column":3}},"loc":{"start":{"line":72,"column":9},"end":{"line":76,"column":3}},"line":72},"8":{"name":"clearResoponseInterceptor","decl":{"start":{"line":78,"column":9},"end":{"line":82,"column":3}},"loc":{"start":{"line":78,"column":9},"end":{"line":82,"column":3}},"line":78},"9":{"name":"addRequestInterceptor","decl":{"start":{"line":84,"column":9},"end":{"line":86,"column":3}},"loc":{"start":{"line":84,"column":9},"end":{"line":86,"column":3}},"line":84},"10":{"name":"addResponseInterceptor","decl":{"start":{"line":88,"column":9},"end":{"line":90,"column":3}},"loc":{"start":{"line":88,"column":9},"end":{"line":90,"column":3}},"line":88},"11":{"name":"invalidateCache","decl":{"start":{"line":92,"column":9},"end":{"line":95,"column":3}},"loc":{"start":{"line":92,"column":9},"end":{"line":95,"column":3}},"line":92},"12":{"name":"kindOfObject","decl":{"start":{"line":97,"column":10},"end":{"line":105,"column":3}},"loc":{"start":{"line":97,"column":10},"end":{"line":105,"column":3}},"line":97},"13":{"name":"kindOfString","decl":{"start":{"line":107,"column":10},"end":{"line":109,"column":3}},"loc":{"start":{"line":107,"column":10},"end":{"line":109,"column":3}},"line":107},"14":{"name":"getOldestEntry","decl":{"start":{"line":121,"column":9},"end":{"line":131,"column":3}},"loc":{"start":{"line":121,"column":9},"end":{"line":131,"column":3}},"line":121},"15":{"name":"executeRequest","decl":{"start":{"line":133,"column":2},"end":{"line":313,"column":3}},"loc":{"start":{"line":133,"column":2},"end":{"line":313,"column":3}},"line":133},"16":{"name":"delay","decl":{"start":{"line":315,"column":2},"end":{"line":321,"column":3}},"loc":{"start":{"line":315,"column":2},"end":{"line":321,"column":3}},"line":315},"17":{"name":"calculateRetryDelay","decl":{"start":{"line":323,"column":10},"end":{"line":326,"column":3}},"loc":{"start":{"line":323,"column":10},"end":{"line":326,"column":3}},"line":323},"18":{"name":"get","decl":{"start":{"line":332,"column":9},"end":{"line":343,"column":3}},"loc":{"start":{"line":332,"column":9},"end":{"line":343,"column":3}},"line":332},"19":{"name":"post","decl":{"start":{"line":345,"column":2},"end":{"line":356,"column":3}},"loc":{"start":{"line":345,"column":2},"end":{"line":356,"column":3}},"line":345},"20":{"name":"put","decl":{"start":{"line":360,"column":9},"end":{"line":365,"column":3}},"loc":{"start":{"line":360,"column":9},"end":{"line":365,"column":3}},"line":360},"21":{"name":"patch","decl":{"start":{"line":367,"column":9},"end":{"line":372,"column":3}},"loc":{"start":{"line":367,"column":9},"end":{"line":372,"column":3}},"line":367},"22":{"name":"delete","decl":{"start":{"line":374,"column":9},"end":{"line":379,"column":3}},"loc":{"start":{"line":374,"column":9},"end":{"line":379,"column":3}},"line":374},"23":{"name":"setDefaultHeaders","decl":{"start":{"line":381,"column":9},"end":{"line":383,"column":3}},"loc":{"start":{"line":381,"column":9},"end":{"line":383,"column":3}},"line":381},"24":{"name":"applyDefaultHeaders","decl":{"start":{"line":385,"column":10},"end":{"line":389,"column":3}},"loc":{"start":{"line":385,"column":10},"end":{"line":389,"column":3}},"line":385},"25":{"name":"addResponseSanitizer","decl":{"start":{"line":391,"column":9},"end":{"line":393,"column":3}},"loc":{"start":{"line":391,"column":9},"end":{"line":393,"column":3}},"line":391},"26":{"name":"sanitizeResponseData","decl":{"start":{"line":395,"column":10},"end":{"line":407,"column":3}},"loc":{"start":{"line":395,"column":10},"end":{"line":407,"column":3}},"line":395}},"f":{"0":18,"1":2,"2":2,"3":5,"4":4,"5":51,"6":17,"7":46,"8":46,"9":4,"10":2,"11":49,"12":7,"13":5,"14":0,"15":47,"16":11,"17":11,"18":25,"19":5,"20":2,"21":2,"22":2,"23":6,"24":44,"25":2,"26":13}}
}
